OpenROAD 7c85c140308f01b73f57ea1117f3e43f39abd437 
This program is licensed under the BSD-3 license. See the LICENSE file for details.
Components of this program may be licensed under more restrictive licenses which must be honored.
Placement Analysis
---------------------------------
total displacement        523.6 u
average displacement        0.0 u
max displacement           12.3 u
original HPWL           64387.3 u
legalized HPWL          64716.5 u
delta HPWL                    1 %

[INFO DPL-0020] Mirrored 112 instances
[INFO DPL-0021] HPWL before           64716.5 u
[INFO DPL-0022] HPWL after            64473.9 u
[INFO DPL-0023] HPWL delta               -0.4 %
Setting global connections for newly added cells...
Writing OpenROAD database to /home/htf6ry/gf180-demo-fiveguys/openlane/cntr_example/runs/22_12_04_16_09/tmp/routing/diodes.odb...
Writing netlist to /home/htf6ry/gf180-demo-fiveguys/openlane/cntr_example/runs/22_12_04_16_09/tmp/routing/diodes.nl.v...
Writing powered netlist to /home/htf6ry/gf180-demo-fiveguys/openlane/cntr_example/runs/22_12_04_16_09/tmp/routing/diodes.pnl.v...
Writing layout to /home/htf6ry/gf180-demo-fiveguys/openlane/cntr_example/runs/22_12_04_16_09/tmp/routing/diodes.def...
