OpenROAD 7c85c140308f01b73f57ea1117f3e43f39abd437 
This program is licensed under the BSD-3 license. See the LICENSE file for details.
Components of this program may be licensed under more restrictive licenses which must be honored.
min_report

===========================================================================
report_checks -path_delay min (Hold)
============================================================================
No paths found.
min_report_end
max_report

===========================================================================
report_checks -path_delay max (Setup)
============================================================================
No paths found.
max_report_end
check_report

===========================================================================
report_checks -unconstrained
============================================================================
Startpoint: wb_rst_i (input port clocked by user_clock2)
Endpoint: cntr_example_1/wb_rst_i (internal pin)
Path Group: (none)
Path Type: max

Fanout     Cap    Slew   Delay    Time   Description
-----------------------------------------------------------------------------
                         13.00   13.00 ^ input external delay
                  6.14    3.86   16.86 ^ wb_rst_i (in)
     1    0.39                           wb_rst_i (net)
                  6.17    0.00   16.86 ^ cntr_example_1/wb_rst_i (cntr_example)
                                 16.86   data arrival time
-----------------------------------------------------------------------------
(Path is unconstrained)



===========================================================================
report_checks --slack_max -0.01
============================================================================
No paths found.
check_report_end
check_slew

===========================================================================
 report_check_types -max_slew -max_cap -max_fanout -violators
============================================================================
max slew

Pin                                    Limit    Slew   Slack
------------------------------------------------------------
wb_rst_i                                4.00    6.14   -2.14 (VIOLATED)
wb_clk_i                                4.00    4.97   -0.97 (VIOLATED)

max capacitance

Pin                                    Limit     Cap   Slack
------------------------------------------------------------
wb_rst_i                                0.23    0.39   -0.15 (VIOLATED)
wb_clk_i                                0.23    0.31   -0.08 (VIOLATED)


===========================================================================
max slew violation count 2
max fanout violation count 0
max cap violation count 2
============================================================================
check_slew_end
tns_report

===========================================================================
 report_tns
============================================================================
tns 0.00
tns_report_end
wns_report

===========================================================================
 report_wns
============================================================================
wns 0.00
wns_report_end
worst_slack

===========================================================================
 report_worst_slack -max (Setup)
============================================================================
worst slack INF

===========================================================================
 report_worst_slack -min (Hold)
============================================================================
worst slack INF
worst_slack_end
clock_skew

===========================================================================
 report_clock_skew
============================================================================
Clock user_clock2
No launch/capture paths found.

clock_skew_end
power_report

===========================================================================
 report_power
============================================================================
Group                  Internal  Switching    Leakage      Total
                          Power      Power      Power      Power (Watts)
----------------------------------------------------------------
Sequential             0.00e+00   0.00e+00   0.00e+00   0.00e+00   0.0%
Combinational          0.00e+00   0.00e+00   0.00e+00   0.00e+00   0.0%
Macro                  0.00e+00   0.00e+00   0.00e+00   0.00e+00   0.0%
Pad                    0.00e+00   0.00e+00   0.00e+00   0.00e+00   0.0%
----------------------------------------------------------------
Total                  0.00e+00   0.00e+00   0.00e+00   0.00e+00   0.0%
                           0.0%       0.0%       0.0%
power_report_end
area_report

===========================================================================
 report_design_area
============================================================================
Design area 2250000 u^2 26% utilization.
area_report_end
Setting global connections for newly added cells...
[WARNING] Did not save OpenROAD database!
Writing SDF to /home/htf6ry/gf180-demo-fiveguys/openlane/user_project_wrapper/runs/22_12_04_16_14/results/routing/mca/process_corner_nom/user_project_wrapper.sdf...
Writing timing model to /home/htf6ry/gf180-demo-fiveguys/openlane/user_project_wrapper/runs/22_12_04_16_14/results/routing/mca/process_corner_nom/user_project_wrapper.lib...
