
Magic 8.3 revision 331 - Compiled on Sat Oct 22 18:40:56 UTC 2022.
Starting magic under Tcl interpreter
Using the terminal as the console.
Using NULL graphics device.
Processing system .magicrc file
Sourcing design .magicrc for technology gf180mcuC ...
10 Magic internal units = 1 Lambda
Input style import: scaleFactor=10, multiplier=2
The following types are not handled by extraction and will be treated as non-electrical types:
    obsactive mvobsactive filldiff fillpoly m1hole obsm1 fillm1 obsv1 m2hole obsm2 fillm2 obsv2 m3hole obsm3 fillm3 m4hole obsm4 fillm4 m5hole obsm5 fillm5 glass fillblock lvstext obscomment 
Scaled tech values by 10 / 1 to match internal grid scaling
Loading gf180mcuC Device Generator Menu ...
Using technology "gf180mcuC", version 1.0.349-0-g0059588
Reading LEF data from file /home/htf6ry/GF180PDK/gf180mcuC/libs.ref/gf180mcu_fd_sc_mcu7t5v0/techlef/gf180mcu_fd_sc_mcu7t5v0.tlef.
This action cannot be undone.
LEF read, Line 78 (Message): Unknown keyword "MINWIDTH" in LEF file; ignoring.
LEF read, Line 85 (Message): Unknown keyword "ANTENNAMODEL" in LEF file; ignoring.
LEF read, Line 95 (Message): Unknown keyword "DENSITYCHECKWINDOW" in LEF file; ignoring.
LEF read, Line 96 (Message): Unknown keyword "DENSITYCHECKSTEP" in LEF file; ignoring.
LEF read, Line 110 (Message): Unknown keyword "ARRAYSPACING" in LEF file; ignoring.
LEF read, Line 114 (Message): Unknown keyword "ANTENNAMODEL" in LEF file; ignoring.
LEF read, Line 126 (Message): Unknown keyword "MINWIDTH" in LEF file; ignoring.
LEF read, Line 133 (Message): Unknown keyword "ANTENNAMODEL" in LEF file; ignoring.
LEF read, Line 134 (Message): Unknown keyword "ANTENNADIFFSIDEAREARATIO" in LEF file; ignoring.
LEF read, Line 135 (Message): Unknown keyword "ANTENNAGATEPLUSDIFF" in LEF file; ignoring.
LEF read, Line 144 (Message): Unknown keyword "DENSITYCHECKWINDOW" in LEF file; ignoring.
LEF read, Line 145 (Message): Unknown keyword "DENSITYCHECKSTEP" in LEF file; ignoring.
LEF read, Line 161 (Message): Unknown keyword "ARRAYSPACING" in LEF file; ignoring.
LEF read, Line 165 (Message): Unknown keyword "ANTENNAMODEL" in LEF file; ignoring.
LEF read, Line 177 (Message): Unknown keyword "MINWIDTH" in LEF file; ignoring.
LEF read, Line 184 (Message): Unknown keyword "ANTENNAMODEL" in LEF file; ignoring.
LEF read, Line 185 (Message): Unknown keyword "ANTENNADIFFSIDEAREARATIO" in LEF file; ignoring.
LEF read, Line 186 (Message): Unknown keyword "ANTENNAGATEPLUSDIFF" in LEF file; ignoring.
LEF read, Line 195 (Message): Unknown keyword "DENSITYCHECKWINDOW" in LEF file; ignoring.
LEF read, Line 196 (Message): Unknown keyword "DENSITYCHECKSTEP" in LEF file; ignoring.
LEF read, Line 212 (Message): Unknown keyword "ARRAYSPACING" in LEF file; ignoring.
LEF read, Line 216 (Message): Unknown keyword "ANTENNAMODEL" in LEF file; ignoring.
LEF read, Line 228 (Message): Unknown keyword "MINWIDTH" in LEF file; ignoring.
LEF read, Line 235 (Message): Unknown keyword "ANTENNAMODEL" in LEF file; ignoring.
LEF read, Line 236 (Message): Unknown keyword "ANTENNADIFFSIDEAREARATIO" in LEF file; ignoring.
LEF read, Line 237 (Message): Unknown keyword "ANTENNAGATEPLUSDIFF" in LEF file; ignoring.
LEF read, Line 246 (Message): Unknown keyword "DENSITYCHECKWINDOW" in LEF file; ignoring.
LEF read, Line 247 (Message): Unknown keyword "DENSITYCHECKSTEP" in LEF file; ignoring.
LEF read, Line 264 (Message): Unknown keyword "ARRAYSPACING" in LEF file; ignoring.
LEF read, Line 268 (Message): Unknown keyword "ANTENNAMODEL" in LEF file; ignoring.
LEF read, Line 282 (Message): Unknown keyword "MINWIDTH" in LEF file; ignoring.
LEF read, Line 294 (Message): Unknown keyword "ANTENNAMODEL" in LEF file; ignoring.
LEF read, Line 295 (Message): Unknown keyword "ANTENNADIFFSIDEAREARATIO" in LEF file; ignoring.
LEF read, Line 296 (Message): Unknown keyword "ANTENNAGATEPLUSDIFF" in LEF file; ignoring.
LEF read, Line 301 (Message): Unknown keyword "DENSITYCHECKWINDOW" in LEF file; ignoring.
LEF read, Line 302 (Message): Unknown keyword "DENSITYCHECKSTEP" in LEF file; ignoring.
LEF read: Processed 1366 lines.
Reading LEF data from file /home/htf6ry/gf180-demo/openlane/user_project_wrapper/../../lef/cntr_example.lef.
This action cannot be undone.
LEF read: Processed 470 lines.
Reading DEF data from file /home/htf6ry/gf180-demo/openlane/user_project_wrapper/runs/22_12_03_16_43/results/routing/user_project_wrapper.def.
This action cannot be undone.
  Processed 2 vias total.
  Processed 1 subcell instances total.
  Processed 418 pins total.
  Processed 2 special nets total.
  Processed 434 nets total.
DEF read: Processed 6721 lines.
Processing user_project_wrapper
Extracting cntr_example into cntr_example.ext:
Extracting user_project_wrapper into user_project_wrapper.ext:
exttospice finished.
