Sat Dec 03 21:29:36 UTC 2022 - Executing "/openlane/scripts/mergeLef.py -o /home/htf6ry/gf180-demo/openlane/cntr_example/runs/22_12_03_16_29/tmp/merged.nom.lef -i /home/htf6ry/GF180PDK/gf180mcuC/libs.ref/gf180mcu_fd_sc_mcu7t5v0/techlef/gf180mcu_fd_sc_mcu7t5v0.tlef /home/htf6ry/GF180PDK/gf180mcuC/libs.ref/gf180mcu_fd_sc_mcu7t5v0/lef/gf180mcu_fd_sc_mcu7t5v0.lef |& tee /dev/null"

Sat Dec 03 21:29:36 UTC 2022 - Executing "python3 /openlane/scripts/mergeLib.py --output /home/htf6ry/gf180-demo/openlane/cntr_example/runs/22_12_03_16_29/tmp/synthesis/merged.lib --name gf180mcuC_merged /home/htf6ry/GF180PDK//gf180mcuC/libs.ref/gf180mcu_fd_sc_mcu7t5v0/liberty/gf180mcu_fd_sc_mcu7t5v0__tt_025C_3v30.lib"

Sat Dec 03 21:29:36 UTC 2022 - Executing "python3 /openlane/scripts/libtrim.py --cell-file /home/htf6ry/gf180-demo/openlane/cntr_example/runs/22_12_03_16_29/tmp/synthesis/trimmed.lib.exclude.list --output /home/htf6ry/gf180-demo/openlane/cntr_example/runs/22_12_03_16_29/tmp/synthesis/trimmed.lib /home/htf6ry/gf180-demo/openlane/cntr_example/runs/22_12_03_16_29/tmp/synthesis/merged.lib"

Sat Dec 03 21:29:37 UTC 2022 - Executing "python3 /openlane/scripts/libtrim.py --cell-file /home/htf6ry/gf180-demo/openlane/cntr_example/runs/22_12_03_16_29/tmp/cts/cts.lib.exclude.list --output /home/htf6ry/gf180-demo/openlane/cntr_example/runs/22_12_03_16_29/tmp/cts/cts.lib /home/htf6ry/GF180PDK//gf180mcuC/libs.ref/gf180mcu_fd_sc_mcu7t5v0/liberty/gf180mcu_fd_sc_mcu7t5v0__tt_025C_3v30.lib"

Sat Dec 03 21:29:37 UTC 2022 - Executing "python3 /openlane/scripts/new_tracks.py -i /home/htf6ry/GF180PDK//gf180mcuC/libs.tech/openlane/gf180mcu_fd_sc_mcu7t5v0/tracks.info -o /home/htf6ry/gf180-demo/openlane/cntr_example/runs/22_12_03_16_29/tmp/routing/config.tracks"

Sat Dec 03 21:29:37 UTC 2022 - Executing "echo {OpenLane cb59d1f84deb5cedbb5b0a3e3f3b4129a967c988} > /home/htf6ry/gf180-demo/openlane/cntr_example/runs/22_12_03_16_29/OPENLANE_VERSION"

Sat Dec 03 21:29:38 UTC 2022 - Executing "sed -E {s/^([[:space:]]+)pg_pin(.*)/\1pin\2\n\1    direction : "inout";/g} /home/htf6ry/GF180PDK//gf180mcuC/libs.ref/gf180mcu_fd_sc_mcu7t5v0/liberty/gf180mcu_fd_sc_mcu7t5v0__tt_025C_3v30.lib > /home/htf6ry/gf180-demo/openlane/cntr_example/runs/22_12_03_16_29/tmp/synthesis/1-gf180mcu_fd_sc_mcu7t5v0__tt_025C_3v30.no_pg.lib"

Sat Dec 03 21:29:38 UTC 2022 - Executing "sed -E {s/^([[:space:]]+)pg_pin(.*)/\1pin\2\n\1    direction : "inout";/g} /home/htf6ry/gf180-demo/openlane/cntr_example/runs/22_12_03_16_29/tmp/synthesis/trimmed.lib > /home/htf6ry/gf180-demo/openlane/cntr_example/runs/22_12_03_16_29/tmp/synthesis/1-trimmed.no_pg.lib"

Sat Dec 03 21:29:38 UTC 2022 - Executing "yosys -c /openlane/scripts/yosys/synth.tcl |& tee /dev/null /home/htf6ry/gf180-demo/openlane/cntr_example/runs/22_12_03_16_29/logs/synthesis/1-synthesis.log"

Sat Dec 03 21:29:40 UTC 2022 - Executing "sed -i -e {s/\(set ::env(CURRENT_NETLIST)\).*/\1 \/home\/htf6ry\/gf180-demo\/openlane\/cntr_example\/runs\/22_12_03_16_29\/results\/synthesis\/cntr_example.v/} /home/htf6ry/gf180-demo/openlane/cntr_example/runs/22_12_03_16_29/config.tcl"

Sat Dec 03 21:29:40 UTC 2022 - Executing "sed -i /defparam/d /home/htf6ry/gf180-demo/openlane/cntr_example/runs/22_12_03_16_29/results/synthesis/cntr_example.v"

Sat Dec 03 21:29:40 UTC 2022 - Executing "openroad -exit /openlane/scripts/openroad/sta.tcl |& tee /dev/null /home/htf6ry/gf180-demo/openlane/cntr_example/runs/22_12_03_16_29/logs/synthesis/2-sta.log"

Sat Dec 03 21:29:41 UTC 2022 - Executing "openroad -exit /openlane/scripts/openroad/floorplan.tcl |& tee /dev/null /home/htf6ry/gf180-demo/openlane/cntr_example/runs/22_12_03_16_29/logs/floorplan/3-initial_fp.log"

Sat Dec 03 21:29:42 UTC 2022 - Executing "openroad -exit /openlane/scripts/openroad/floorplan.tcl |& tee /dev/null /home/htf6ry/gf180-demo/openlane/cntr_example/runs/22_12_03_16_29/logs/floorplan/3-initial_fp.log"

Sat Dec 03 21:29:42 UTC 2022 - Executing "openroad -exit -no_init -python /openlane/scripts/odbpy/defutil.py extract_core_dims --output-data /home/htf6ry/gf180-demo/openlane/cntr_example/runs/22_12_03_16_29/tmp/dimensions.txt --input-lef /home/htf6ry/gf180-demo/openlane/cntr_example/runs/22_12_03_16_29/tmp/merged.nom.lef /home/htf6ry/gf180-demo/openlane/cntr_example/runs/22_12_03_16_29/tmp/floorplan/3-initial_fp.def"

Sat Dec 03 21:29:43 UTC 2022 - Executing "openroad -exit /openlane/scripts/openroad/ioplacer.tcl |& tee /dev/null /home/htf6ry/gf180-demo/openlane/cntr_example/runs/22_12_03_16_29/logs/floorplan/4-io.log"

Sat Dec 03 21:29:43 UTC 2022 - Executing "openroad -exit /openlane/scripts/openroad/tapcell.tcl |& tee /dev/null /home/htf6ry/gf180-demo/openlane/cntr_example/runs/22_12_03_16_29/logs/floorplan/5-tap.log"

Sat Dec 03 21:29:44 UTC 2022 - Executing "openroad -exit /openlane/scripts/openroad/pdn.tcl |& tee /dev/null /home/htf6ry/gf180-demo/openlane/cntr_example/runs/22_12_03_16_29/logs/floorplan/6-pdn.log"

Sat Dec 03 21:29:46 UTC 2022 - Executing "openroad -exit /openlane/scripts/openroad/gpl.tcl |& tee /dev/null /home/htf6ry/gf180-demo/openlane/cntr_example/runs/22_12_03_16_29/logs/placement/7-global.log"

Sat Dec 03 21:30:02 UTC 2022 - Executing "openroad -exit /openlane/scripts/openroad/resizer.tcl |& tee /dev/null /home/htf6ry/gf180-demo/openlane/cntr_example/runs/22_12_03_16_29/logs/placement/8-resizer.log"

Sat Dec 03 21:30:03 UTC 2022 - Executing "sed -i -e {s/\(set ::env(CURRENT_NETLIST)\).*/\1 \/home\/htf6ry\/gf180-demo\/openlane\/cntr_example\/runs\/22_12_03_16_29\/tmp\/placement\/8-resizer.nl.v/} /home/htf6ry/gf180-demo/openlane/cntr_example/runs/22_12_03_16_29/config.tcl"

Sat Dec 03 21:30:03 UTC 2022 - Executing "openroad -exit /openlane/scripts/openroad/dpl.tcl |& tee /dev/null /home/htf6ry/gf180-demo/openlane/cntr_example/runs/22_12_03_16_29/logs/placement/9-detailed.log"

Sat Dec 03 21:30:04 UTC 2022 - Executing "sed -i -e {s/\(set ::env(CURRENT_NETLIST)\).*/\1 \/home\/htf6ry\/gf180-demo\/openlane\/cntr_example\/runs\/22_12_03_16_29\/results\/placement\/cntr_example.nl.v/} /home/htf6ry/gf180-demo/openlane/cntr_example/runs/22_12_03_16_29/config.tcl"

Sat Dec 03 21:30:04 UTC 2022 - Executing "openroad -exit /openlane/scripts/openroad/cts.tcl |& tee /dev/null /home/htf6ry/gf180-demo/openlane/cntr_example/runs/22_12_03_16_29/logs/cts/10-cts.log"

Sat Dec 03 21:30:35 UTC 2022 - Executing "openroad -exit /openlane/scripts/openroad/resizer_timing.tcl |& tee /dev/null /home/htf6ry/gf180-demo/openlane/cntr_example/runs/22_12_03_16_29/logs/cts/11-resizer.log"

Sat Dec 03 21:30:36 UTC 2022 - Executing "sed -i -e {s/\(set ::env(CURRENT_NETLIST)\).*/\1 \/home\/htf6ry\/gf180-demo\/openlane\/cntr_example\/runs\/22_12_03_16_29\/tmp\/cts\/11-cntr_example.resized.nl.v/} /home/htf6ry/gf180-demo/openlane/cntr_example/runs/22_12_03_16_29/config.tcl"

Sat Dec 03 21:30:36 UTC 2022 - Executing "openroad -exit /openlane/scripts/openroad/resizer_routing_timing.tcl |& tee /dev/null /home/htf6ry/gf180-demo/openlane/cntr_example/runs/22_12_03_16_29/logs/routing/12-resizer.log"

Sat Dec 03 21:30:38 UTC 2022 - Executing "sed -i -e {s/\(set ::env(CURRENT_NETLIST)\).*/\1 \/home\/htf6ry\/gf180-demo\/openlane\/cntr_example\/runs\/22_12_03_16_29\/tmp\/12-cntr_example.nl.v/} /home/htf6ry/gf180-demo/openlane/cntr_example/runs/22_12_03_16_29/config.tcl"

Sat Dec 03 21:30:38 UTC 2022 - Executing "openroad -exit -no_init -python /openlane/scripts/odbpy/diodes.py place --diode-cell gf180mcu_fd_sc_mcu7t5v0__antenna --diode-pin I --fake-diode-cell gf180mcu_fd_sc_mcu7t5v0__antenna --input-lef /home/htf6ry/gf180-demo/openlane/cntr_example/runs/22_12_03_16_29/tmp/merged.nom.lef --output-def /home/htf6ry/gf180-demo/openlane/cntr_example/runs/22_12_03_16_29/tmp/routing/13-diodes.def --output /home/htf6ry/gf180-demo/openlane/cntr_example/runs/22_12_03_16_29/tmp/routing/13-diodes.odb /home/htf6ry/gf180-demo/openlane/cntr_example/runs/22_12_03_16_29/tmp/12-cntr_example.odb |& tee /dev/null /home/htf6ry/gf180-demo/openlane/cntr_example/runs/22_12_03_16_29/logs/routing/13-diodes.log"

Sat Dec 03 21:30:38 UTC 2022 - Executing "openroad -exit /openlane/scripts/openroad/dpl.tcl |& tee /dev/null /home/htf6ry/gf180-demo/openlane/cntr_example/runs/22_12_03_16_29/logs/routing/14-diode_legalization.log"

Sat Dec 03 21:30:39 UTC 2022 - Executing "sed -i -e {s/\(set ::env(CURRENT_NETLIST)\).*/\1 \/home\/htf6ry\/gf180-demo\/openlane\/cntr_example\/runs\/22_12_03_16_29\/tmp\/routing\/diodes.nl.v/} /home/htf6ry/gf180-demo/openlane/cntr_example/runs/22_12_03_16_29/config.tcl"

Sat Dec 03 21:30:39 UTC 2022 - Executing "openroad -exit /openlane/scripts/openroad/fill.tcl |& tee /dev/null /home/htf6ry/gf180-demo/openlane/cntr_example/runs/22_12_03_16_29/logs/routing/15-fill.log"

Sat Dec 03 21:30:41 UTC 2022 - Executing "sed -i -e {s/\(set ::env(CURRENT_NETLIST)\).*/\1 \/home\/htf6ry\/gf180-demo\/openlane\/cntr_example\/runs\/22_12_03_16_29\/tmp\/routing\/15-fill.nl.v/} /home/htf6ry/gf180-demo/openlane/cntr_example/runs/22_12_03_16_29/config.tcl"

Sat Dec 03 21:30:41 UTC 2022 - Executing "openroad -exit /openlane/scripts/openroad/groute.tcl |& tee /dev/null /home/htf6ry/gf180-demo/openlane/cntr_example/runs/22_12_03_16_29/logs/routing/16-global.log"

Sat Dec 03 21:30:43 UTC 2022 - Executing "openroad -exit /openlane/scripts/openroad/write_views.tcl |& tee /dev/null /home/htf6ry/gf180-demo/openlane/cntr_example/runs/22_12_03_16_29/logs/routing/16-global_write_netlist.log"

Sat Dec 03 21:30:44 UTC 2022 - Executing "sed -i -e {s/\(set ::env(CURRENT_NETLIST)\).*/\1 \/home\/htf6ry\/gf180-demo\/openlane\/cntr_example\/runs\/22_12_03_16_29\/tmp\/routing\/global.nl.v/} /home/htf6ry/gf180-demo/openlane/cntr_example/runs/22_12_03_16_29/config.tcl"

Sat Dec 03 21:30:44 UTC 2022 - Executing "openroad -exit /openlane/scripts/openroad/droute.tcl |& tee /dev/null /home/htf6ry/gf180-demo/openlane/cntr_example/runs/22_12_03_16_29/logs/routing/18-detailed.log"

Sat Dec 03 21:31:15 UTC 2022 - Executing "sed -i -e {s/\(set ::env(CURRENT_NETLIST)\).*/\1 \/home\/htf6ry\/gf180-demo\/openlane\/cntr_example\/runs\/22_12_03_16_29\/results\/routing\/cntr_example.nl.v/} /home/htf6ry/gf180-demo/openlane/cntr_example/runs/22_12_03_16_29/config.tcl"

Sat Dec 03 21:31:15 UTC 2022 - Executing "python3 /openlane/scripts/drc_rosetta.py tr to_klayout -o /home/htf6ry/gf180-demo/openlane/cntr_example/runs/22_12_03_16_29/reports/routing/drt.klayout.xml --design-name cntr_example /home/htf6ry/gf180-demo/openlane/cntr_example/runs/22_12_03_16_29/reports/routing/drt.drc"

Sat Dec 03 21:31:15 UTC 2022 - Executing "openroad -exit -no_init -python /openlane/scripts/odbpy/wire_lengths.py --report-out /home/htf6ry/gf180-demo/openlane/cntr_example/runs/22_12_03_16_29/reports/routing/19-wire_lengths.csv --input-lef /home/htf6ry/gf180-demo/openlane/cntr_example/runs/22_12_03_16_29/tmp/merged.nom.lef --output-def /dev/null --output /home/htf6ry/gf180-demo/openlane/cntr_example/runs/22_12_03_16_29/results/routing/cntr_example.odb /home/htf6ry/gf180-demo/openlane/cntr_example/runs/22_12_03_16_29/results/routing/cntr_example.odb |& tee /dev/null /home/htf6ry/gf180-demo/openlane/cntr_example/runs/22_12_03_16_29/logs/routing/19-wire_lengths.log"

Sat Dec 03 21:31:16 UTC 2022 - Executing "openroad -exit /openlane/scripts/openroad/rcx.tcl |& tee /dev/null /home/htf6ry/gf180-demo/openlane/cntr_example/runs/22_12_03_16_29/logs/signoff/20-parasitics_extraction.nom.log"

Sat Dec 03 21:31:18 UTC 2022 - Executing "openroad -exit /openlane/scripts/openroad/sta_multi_corner.tcl |& tee /dev/null /home/htf6ry/gf180-demo/openlane/cntr_example/runs/22_12_03_16_29/logs/signoff/21-rcx_mcsta.nom.log"

Sat Dec 03 21:31:21 UTC 2022 - Executing "openroad -exit /openlane/scripts/openroad/sta.tcl |& tee /dev/null /home/htf6ry/gf180-demo/openlane/cntr_example/runs/22_12_03_16_29/logs/signoff/22-rcx_sta.log"

Sat Dec 03 21:31:22 UTC 2022 - Executing "magic -noconsole -dnull -rcfile /home/htf6ry/GF180PDK//gf180mcuC/libs.tech/magic/gf180mcuC.magicrc < /openlane/scripts/magic/def/mag_gds.tcl |& tee /dev/null /home/htf6ry/gf180-demo/openlane/cntr_example/runs/22_12_03_16_29/logs/signoff/23-gdsii.log"

Sat Dec 03 21:31:23 UTC 2022 - Executing "magic -noconsole -dnull -rcfile /home/htf6ry/GF180PDK//gf180mcuC/libs.tech/magic/gf180mcuC.magicrc < /openlane/scripts/magic/gds/mag_with_pointers.tcl |& tee /dev/null /home/htf6ry/gf180-demo/openlane/cntr_example/runs/22_12_03_16_29/logs/signoff/23-gds_ptrs.log"

Sat Dec 03 21:31:26 UTC 2022 - Executing "sed -i -n {/^<< properties >>/,/^<< end >>/p} /home/htf6ry/gf180-demo/openlane/cntr_example/runs/22_12_03_16_29/tmp/signoff/gds_ptrs.mag"

Sat Dec 03 21:31:26 UTC 2022 - Executing "magic -noconsole -dnull -rcfile /home/htf6ry/GF180PDK//gf180mcuC/libs.tech/magic/gf180mcuC.magicrc < /openlane/scripts/magic/mag/lef.tcl |& tee /dev/null /home/htf6ry/gf180-demo/openlane/cntr_example/runs/22_12_03_16_29/logs/signoff/23-lef.log"

Sat Dec 03 21:31:30 UTC 2022 - Executing "magic -noconsole -dnull -rcfile /home/htf6ry/GF180PDK//gf180mcuC/libs.tech/magic/gf180mcuC.magicrc < /openlane/scripts/magic/lef/maglef.tcl |& tee /dev/null /home/htf6ry/gf180-demo/openlane/cntr_example/runs/22_12_03_16_29/logs/signoff/23-maglef.log"

Sat Dec 03 21:31:31 UTC 2022 - Executing "magic -noconsole -dnull -rcfile /home/htf6ry/GF180PDK//gf180mcuC/libs.tech/magic/gf180mcuC.magicrc < /openlane/scripts/magic/extract_spice.tcl |& tee /dev/null /home/htf6ry/gf180-demo/openlane/cntr_example/runs/22_12_03_16_29/logs/signoff/24-spice.log"

Sat Dec 03 21:31:46 UTC 2022 - Executing "openroad -exit -no_init -python /openlane/scripts/odbpy/power_utils.py write_powered_def --output /home/htf6ry/gf180-demo/openlane/cntr_example/runs/22_12_03_16_29/tmp/signoff/24-cntr_example.p.def --input-lef /home/htf6ry/gf180-demo/openlane/cntr_example/runs/22_12_03_16_29/tmp/merged.nom.lef --power-port vdd --ground-port vss --powered-netlist {} /home/htf6ry/gf180-demo/openlane/cntr_example/runs/22_12_03_16_29/results/routing/cntr_example.def |& tee /dev/null /home/htf6ry/gf180-demo/openlane/cntr_example/runs/22_12_03_16_29/logs/signoff/25-write_powered_def.log"

Sat Dec 03 21:31:47 UTC 2022 - Executing "openroad -exit /openlane/scripts/openroad/write_views.tcl |& tee /dev/null /home/htf6ry/gf180-demo/openlane/cntr_example/runs/22_12_03_16_29/logs/signoff/25-write_powered_verilog.log"

Sat Dec 03 21:31:49 UTC 2022 - Executing "sed -i -e {s/\(set ::env(CURRENT_NETLIST)\).*/\1 \/home\/htf6ry\/gf180-demo\/openlane\/cntr_example\/runs\/22_12_03_16_29\/tmp\/signoff\/24-cntr_example.nl.v/} /home/htf6ry/gf180-demo/openlane/cntr_example/runs/22_12_03_16_29/config.tcl"

Sat Dec 03 21:31:49 UTC 2022 - Executing "netgen -batch source /home/htf6ry/gf180-demo/openlane/cntr_example/runs/22_12_03_16_29/tmp/signoff/27-setup_file.lef.lvs |& tee /dev/null /home/htf6ry/gf180-demo/openlane/cntr_example/runs/22_12_03_16_29/logs/signoff/27-lvs.lef.log"

Sat Dec 03 21:31:50 UTC 2022 - Executing "magic -noconsole -dnull -rcfile /home/htf6ry/GF180PDK//gf180mcuC/libs.tech/magic/gf180mcuC.magicrc < /openlane/scripts/magic/drc.tcl |& tee /dev/null /home/htf6ry/gf180-demo/openlane/cntr_example/runs/22_12_03_16_29/logs/signoff/28-drc.log"

Sat Dec 03 21:34:30 UTC 2022 - Executing "python3 /openlane/scripts/drc_rosetta.py magic to_tcl -o /home/htf6ry/gf180-demo/openlane/cntr_example/runs/22_12_03_16_29/reports/signoff/drc.tcl /home/htf6ry/gf180-demo/openlane/cntr_example/runs/22_12_03_16_29/reports/signoff/drc.rpt"

Sat Dec 03 21:34:30 UTC 2022 - Executing "python3 /openlane/scripts/drc_rosetta.py magic to_tr -o /home/htf6ry/gf180-demo/openlane/cntr_example/runs/22_12_03_16_29/reports/signoff/drc.tr /home/htf6ry/gf180-demo/openlane/cntr_example/runs/22_12_03_16_29/reports/signoff/drc.rpt"

Sat Dec 03 21:34:30 UTC 2022 - Executing "python3 /openlane/scripts/drc_rosetta.py tr to_klayout -o /home/htf6ry/gf180-demo/openlane/cntr_example/runs/22_12_03_16_29/reports/signoff/drc.klayout.xml --design-name cntr_example /home/htf6ry/gf180-demo/openlane/cntr_example/runs/22_12_03_16_29/reports/signoff/drc.tr"

Sat Dec 03 21:34:30 UTC 2022 - Executing "python3 /openlane/scripts/drc_rosetta.py magic to_rdb -o /home/htf6ry/gf180-demo/openlane/cntr_example/runs/22_12_03_16_29/reports/signoff/drc.rdb /home/htf6ry/gf180-demo/openlane/cntr_example/runs/22_12_03_16_29/reports/signoff/drc.rpt"

Sat Dec 03 21:34:30 UTC 2022 - Executing "openroad -exit /openlane/scripts/openroad/antenna_check.tcl |& tee /dev/null /home/htf6ry/gf180-demo/openlane/cntr_example/runs/22_12_03_16_29/logs/signoff/29-antenna.log"

Sat Dec 03 21:34:31 UTC 2022 - Executing "python3 /openlane/scripts/extract_antenna_violators.py --output /home/htf6ry/gf180-demo/openlane/cntr_example/runs/22_12_03_16_29/reports/signoff/29-antenna_violators.rpt /home/htf6ry/gf180-demo/openlane/cntr_example/runs/22_12_03_16_29/logs/signoff/29-antenna.log"

Sat Dec 03 21:34:31 UTC 2022 - Executing "python3 /openlane/scripts/generate_reports.py -d /home/htf6ry/gf180-demo/openlane/cntr_example --design_name cntr_example --tag 22_12_03_16_29 --output_file /home/htf6ry/gf180-demo/openlane/cntr_example/runs/22_12_03_16_29/reports/metrics.csv --man_report /home/htf6ry/gf180-demo/openlane/cntr_example/runs/22_12_03_16_29/reports/manufacturability.rpt --run_path /home/htf6ry/gf180-demo/openlane/cntr_example/runs/22_12_03_16_29"

