
 /----------------------------------------------------------------------------\
 |                                                                            |
 |  yosys -- Yosys Open SYnthesis Suite                                       |
 |                                                                            |
 |  Copyright (C) 2012 - 2020  Claire Xenia Wolf <claire@yosyshq.com>         |
 |                                                                            |
 |  Permission to use, copy, modify, and/or distribute this software for any  |
 |  purpose with or without fee is hereby granted, provided that the above    |
 |  copyright notice and this permission notice appear in all copies.         |
 |                                                                            |
 |  THE SOFTWARE IS PROVIDED "AS IS" AND THE AUTHOR DISCLAIMS ALL WARRANTIES  |
 |  WITH REGARD TO THIS SOFTWARE INCLUDING ALL IMPLIED WARRANTIES OF          |
 |  MERCHANTABILITY AND FITNESS. IN NO EVENT SHALL THE AUTHOR BE LIABLE FOR   |
 |  ANY SPECIAL, DIRECT, INDIRECT, OR CONSEQUENTIAL DAMAGES OR ANY DAMAGES    |
 |  WHATSOEVER RESULTING FROM LOSS OF USE, DATA OR PROFITS, WHETHER IN AN     |
 |  ACTION OF CONTRACT, NEGLIGENCE OR OTHER TORTIOUS ACTION, ARISING OUT OF   |
 |  OR IN CONNECTION WITH THE USE OR PERFORMANCE OF THIS SOFTWARE.            |
 |                                                                            |
 \----------------------------------------------------------------------------/

 Yosys 0.22 (git sha1 f109fa3d4c5, gcc 8.3.1 -fPIC -Os)

[TCL: yosys -import] Command name collision: found pre-existing command `cd' -> skip.
[TCL: yosys -import] Command name collision: found pre-existing command `eval' -> skip.
[TCL: yosys -import] Command name collision: found pre-existing command `exec' -> skip.
[TCL: yosys -import] Command name collision: found pre-existing command `read' -> skip.
[TCL: yosys -import] Command name collision: found pre-existing command `trace' -> skip.

1. Executing Verilog-2005 frontend: /home/htf6ry/gf180-demo/caravel/verilog/rtl/defines.v
Parsing Verilog input from `/home/htf6ry/gf180-demo/caravel/verilog/rtl/defines.v' to AST representation.
Successfully finished Verilog frontend.

2. Executing Verilog-2005 frontend: /home/htf6ry/gf180-demo/openlane/user_project_wrapper/../../verilog/rtl/cntr_example.v
Parsing Verilog input from `/home/htf6ry/gf180-demo/openlane/user_project_wrapper/../../verilog/rtl/cntr_example.v' to AST representation.
Generating RTLIL representation for module `\cntr_example'.
Generating RTLIL representation for module `\cntr_1'.
Generating RTLIL representation for module `\cntr_2'.
Generating RTLIL representation for module `\cntr_3'.
Generating RTLIL representation for module `\cntr_4'.
Generating RTLIL representation for module `\cntr_5'.
Successfully finished Verilog frontend.

3. Executing Verilog-2005 frontend: /home/htf6ry/gf180-demo/caravel/verilog/rtl/defines.v
Parsing Verilog input from `/home/htf6ry/gf180-demo/caravel/verilog/rtl/defines.v' to AST representation.
Successfully finished Verilog frontend.

4. Executing Verilog-2005 frontend: /home/htf6ry/gf180-demo/openlane/user_project_wrapper/../../verilog/rtl/user_project_wrapper.v
Parsing Verilog input from `/home/htf6ry/gf180-demo/openlane/user_project_wrapper/../../verilog/rtl/user_project_wrapper.v' to AST representation.
Generating RTLIL representation for module `\user_project_wrapper'.
Successfully finished Verilog frontend.

5. Generating Graphviz representation of design.
Writing dot description to `/home/htf6ry/gf180-demo/openlane/user_project_wrapper/runs/22_12_03_16_43/tmp/synthesis/hierarchy.dot'.
Dumping module user_project_wrapper to page 1.
Warning: WIDTHLABEL \io_out [19:0] 20

6. Executing HIERARCHY pass (managing design hierarchy).

6.1. Analyzing design hierarchy..
Top module:  \user_project_wrapper

6.2. Analyzing design hierarchy..
Top module:  \user_project_wrapper
Removed 0 unused modules.
Warning: Resizing cell port user_project_wrapper.cntr_example_1.io_out from 20 bits to 38 bits.

7. Printing statistics.

=== user_project_wrapper ===

   Number of wires:                 19
   Number of wire bits:            434
   Number of public wires:          18
   Number of public wire bits:     416
   Number of memories:               0
   Number of memory bits:            0
   Number of processes:              0
   Number of cells:                  1
     cntr_example                    1

8. Executing SPLITNETS pass (splitting up multi-bit signals).

9. Executing OPT_CLEAN pass (remove unused cells and wires).
Finding unused cells or wires in module \user_project_wrapper..

10. Executing CHECK pass (checking for obvious problems).
Checking module user_project_wrapper...
Warning: Wire user_project_wrapper.\wbs_dat_o [31] is used but has no driver.
Warning: Wire user_project_wrapper.\wbs_dat_o [30] is used but has no driver.
Warning: Wire user_project_wrapper.\wbs_dat_o [29] is used but has no driver.
Warning: Wire user_project_wrapper.\wbs_dat_o [28] is used but has no driver.
Warning: Wire user_project_wrapper.\wbs_dat_o [27] is used but has no driver.
Warning: Wire user_project_wrapper.\wbs_dat_o [26] is used but has no driver.
Warning: Wire user_project_wrapper.\wbs_dat_o [25] is used but has no driver.
Warning: Wire user_project_wrapper.\wbs_dat_o [24] is used but has no driver.
Warning: Wire user_project_wrapper.\wbs_dat_o [23] is used but has no driver.
Warning: Wire user_project_wrapper.\wbs_dat_o [22] is used but has no driver.
Warning: Wire user_project_wrapper.\wbs_dat_o [21] is used but has no driver.
Warning: Wire user_project_wrapper.\wbs_dat_o [20] is used but has no driver.
Warning: Wire user_project_wrapper.\wbs_dat_o [19] is used but has no driver.
Warning: Wire user_project_wrapper.\wbs_dat_o [18] is used but has no driver.
Warning: Wire user_project_wrapper.\wbs_dat_o [17] is used but has no driver.
Warning: Wire user_project_wrapper.\wbs_dat_o [16] is used but has no driver.
Warning: Wire user_project_wrapper.\wbs_dat_o [15] is used but has no driver.
Warning: Wire user_project_wrapper.\wbs_dat_o [14] is used but has no driver.
Warning: Wire user_project_wrapper.\wbs_dat_o [13] is used but has no driver.
Warning: Wire user_project_wrapper.\wbs_dat_o [12] is used but has no driver.
Warning: Wire user_project_wrapper.\wbs_dat_o [11] is used but has no driver.
Warning: Wire user_project_wrapper.\wbs_dat_o [10] is used but has no driver.
Warning: Wire user_project_wrapper.\wbs_dat_o [9] is used but has no driver.
Warning: Wire user_project_wrapper.\wbs_dat_o [8] is used but has no driver.
Warning: Wire user_project_wrapper.\wbs_dat_o [7] is used but has no driver.
Warning: Wire user_project_wrapper.\wbs_dat_o [6] is used but has no driver.
Warning: Wire user_project_wrapper.\wbs_dat_o [5] is used but has no driver.
Warning: Wire user_project_wrapper.\wbs_dat_o [4] is used but has no driver.
Warning: Wire user_project_wrapper.\wbs_dat_o [3] is used but has no driver.
Warning: Wire user_project_wrapper.\wbs_dat_o [2] is used but has no driver.
Warning: Wire user_project_wrapper.\wbs_dat_o [1] is used but has no driver.
Warning: Wire user_project_wrapper.\wbs_dat_o [0] is used but has no driver.
Warning: Wire user_project_wrapper.\wbs_ack_o is used but has no driver.
Warning: Wire user_project_wrapper.\user_irq [2] is used but has no driver.
Warning: Wire user_project_wrapper.\user_irq [1] is used but has no driver.
Warning: Wire user_project_wrapper.\user_irq [0] is used but has no driver.
Warning: Wire user_project_wrapper.\la_data_out [63] is used but has no driver.
Warning: Wire user_project_wrapper.\la_data_out [62] is used but has no driver.
Warning: Wire user_project_wrapper.\la_data_out [61] is used but has no driver.
Warning: Wire user_project_wrapper.\la_data_out [60] is used but has no driver.
Warning: Wire user_project_wrapper.\la_data_out [59] is used but has no driver.
Warning: Wire user_project_wrapper.\la_data_out [58] is used but has no driver.
Warning: Wire user_project_wrapper.\la_data_out [57] is used but has no driver.
Warning: Wire user_project_wrapper.\la_data_out [56] is used but has no driver.
Warning: Wire user_project_wrapper.\la_data_out [55] is used but has no driver.
Warning: Wire user_project_wrapper.\la_data_out [54] is used but has no driver.
Warning: Wire user_project_wrapper.\la_data_out [53] is used but has no driver.
Warning: Wire user_project_wrapper.\la_data_out [52] is used but has no driver.
Warning: Wire user_project_wrapper.\la_data_out [51] is used but has no driver.
Warning: Wire user_project_wrapper.\la_data_out [50] is used but has no driver.
Warning: Wire user_project_wrapper.\la_data_out [49] is used but has no driver.
Warning: Wire user_project_wrapper.\la_data_out [48] is used but has no driver.
Warning: Wire user_project_wrapper.\la_data_out [47] is used but has no driver.
Warning: Wire user_project_wrapper.\la_data_out [46] is used but has no driver.
Warning: Wire user_project_wrapper.\la_data_out [45] is used but has no driver.
Warning: Wire user_project_wrapper.\la_data_out [44] is used but has no driver.
Warning: Wire user_project_wrapper.\la_data_out [43] is used but has no driver.
Warning: Wire user_project_wrapper.\la_data_out [42] is used but has no driver.
Warning: Wire user_project_wrapper.\la_data_out [41] is used but has no driver.
Warning: Wire user_project_wrapper.\la_data_out [40] is used but has no driver.
Warning: Wire user_project_wrapper.\la_data_out [39] is used but has no driver.
Warning: Wire user_project_wrapper.\la_data_out [38] is used but has no driver.
Warning: Wire user_project_wrapper.\la_data_out [37] is used but has no driver.
Warning: Wire user_project_wrapper.\la_data_out [36] is used but has no driver.
Warning: Wire user_project_wrapper.\la_data_out [35] is used but has no driver.
Warning: Wire user_project_wrapper.\la_data_out [34] is used but has no driver.
Warning: Wire user_project_wrapper.\la_data_out [33] is used but has no driver.
Warning: Wire user_project_wrapper.\la_data_out [32] is used but has no driver.
Warning: Wire user_project_wrapper.\la_data_out [31] is used but has no driver.
Warning: Wire user_project_wrapper.\la_data_out [30] is used but has no driver.
Warning: Wire user_project_wrapper.\la_data_out [29] is used but has no driver.
Warning: Wire user_project_wrapper.\la_data_out [28] is used but has no driver.
Warning: Wire user_project_wrapper.\la_data_out [27] is used but has no driver.
Warning: Wire user_project_wrapper.\la_data_out [26] is used but has no driver.
Warning: Wire user_project_wrapper.\la_data_out [25] is used but has no driver.
Warning: Wire user_project_wrapper.\la_data_out [24] is used but has no driver.
Warning: Wire user_project_wrapper.\la_data_out [23] is used but has no driver.
Warning: Wire user_project_wrapper.\la_data_out [22] is used but has no driver.
Warning: Wire user_project_wrapper.\la_data_out [21] is used but has no driver.
Warning: Wire user_project_wrapper.\la_data_out [20] is used but has no driver.
Warning: Wire user_project_wrapper.\la_data_out [19] is used but has no driver.
Warning: Wire user_project_wrapper.\la_data_out [18] is used but has no driver.
Warning: Wire user_project_wrapper.\la_data_out [17] is used but has no driver.
Warning: Wire user_project_wrapper.\la_data_out [16] is used but has no driver.
Warning: Wire user_project_wrapper.\la_data_out [15] is used but has no driver.
Warning: Wire user_project_wrapper.\la_data_out [14] is used but has no driver.
Warning: Wire user_project_wrapper.\la_data_out [13] is used but has no driver.
Warning: Wire user_project_wrapper.\la_data_out [12] is used but has no driver.
Warning: Wire user_project_wrapper.\la_data_out [11] is used but has no driver.
Warning: Wire user_project_wrapper.\la_data_out [10] is used but has no driver.
Warning: Wire user_project_wrapper.\la_data_out [9] is used but has no driver.
Warning: Wire user_project_wrapper.\la_data_out [8] is used but has no driver.
Warning: Wire user_project_wrapper.\la_data_out [7] is used but has no driver.
Warning: Wire user_project_wrapper.\la_data_out [6] is used but has no driver.
Warning: Wire user_project_wrapper.\la_data_out [5] is used but has no driver.
Warning: Wire user_project_wrapper.\la_data_out [4] is used but has no driver.
Warning: Wire user_project_wrapper.\la_data_out [3] is used but has no driver.
Warning: Wire user_project_wrapper.\la_data_out [2] is used but has no driver.
Warning: Wire user_project_wrapper.\la_data_out [1] is used but has no driver.
Warning: Wire user_project_wrapper.\la_data_out [0] is used but has no driver.
Warning: Wire user_project_wrapper.\io_out [37] is used but has no driver.
Warning: Wire user_project_wrapper.\io_out [36] is used but has no driver.
Warning: Wire user_project_wrapper.\io_out [35] is used but has no driver.
Warning: Wire user_project_wrapper.\io_out [34] is used but has no driver.
Warning: Wire user_project_wrapper.\io_out [33] is used but has no driver.
Warning: Wire user_project_wrapper.\io_out [32] is used but has no driver.
Warning: Wire user_project_wrapper.\io_out [31] is used but has no driver.
Warning: Wire user_project_wrapper.\io_out [30] is used but has no driver.
Warning: Wire user_project_wrapper.\io_out [29] is used but has no driver.
Warning: Wire user_project_wrapper.\io_out [28] is used but has no driver.
Warning: Wire user_project_wrapper.\io_out [27] is used but has no driver.
Warning: Wire user_project_wrapper.\io_out [26] is used but has no driver.
Warning: Wire user_project_wrapper.\io_out [25] is used but has no driver.
Warning: Wire user_project_wrapper.\io_out [24] is used but has no driver.
Warning: Wire user_project_wrapper.\io_out [23] is used but has no driver.
Warning: Wire user_project_wrapper.\io_out [22] is used but has no driver.
Warning: Wire user_project_wrapper.\io_out [21] is used but has no driver.
Warning: Wire user_project_wrapper.\io_out [20] is used but has no driver.
Warning: Wire user_project_wrapper.\io_oeb [37] is used but has no driver.
Warning: Wire user_project_wrapper.\io_oeb [36] is used but has no driver.
Warning: Wire user_project_wrapper.\io_oeb [35] is used but has no driver.
Warning: Wire user_project_wrapper.\io_oeb [34] is used but has no driver.
Warning: Wire user_project_wrapper.\io_oeb [33] is used but has no driver.
Warning: Wire user_project_wrapper.\io_oeb [32] is used but has no driver.
Warning: Wire user_project_wrapper.\io_oeb [31] is used but has no driver.
Warning: Wire user_project_wrapper.\io_oeb [30] is used but has no driver.
Warning: Wire user_project_wrapper.\io_oeb [29] is used but has no driver.
Warning: Wire user_project_wrapper.\io_oeb [28] is used but has no driver.
Warning: Wire user_project_wrapper.\io_oeb [27] is used but has no driver.
Warning: Wire user_project_wrapper.\io_oeb [26] is used but has no driver.
Warning: Wire user_project_wrapper.\io_oeb [25] is used but has no driver.
Warning: Wire user_project_wrapper.\io_oeb [24] is used but has no driver.
Warning: Wire user_project_wrapper.\io_oeb [23] is used but has no driver.
Warning: Wire user_project_wrapper.\io_oeb [22] is used but has no driver.
Warning: Wire user_project_wrapper.\io_oeb [21] is used but has no driver.
Warning: Wire user_project_wrapper.\io_oeb [20] is used but has no driver.
Warning: Wire user_project_wrapper.\io_oeb [19] is used but has no driver.
Warning: Wire user_project_wrapper.\io_oeb [18] is used but has no driver.
Warning: Wire user_project_wrapper.\io_oeb [17] is used but has no driver.
Warning: Wire user_project_wrapper.\io_oeb [16] is used but has no driver.
Warning: Wire user_project_wrapper.\io_oeb [15] is used but has no driver.
Warning: Wire user_project_wrapper.\io_oeb [14] is used but has no driver.
Warning: Wire user_project_wrapper.\io_oeb [13] is used but has no driver.
Warning: Wire user_project_wrapper.\io_oeb [12] is used but has no driver.
Warning: Wire user_project_wrapper.\io_oeb [11] is used but has no driver.
Warning: Wire user_project_wrapper.\io_oeb [10] is used but has no driver.
Warning: Wire user_project_wrapper.\io_oeb [9] is used but has no driver.
Warning: Wire user_project_wrapper.\io_oeb [8] is used but has no driver.
Warning: Wire user_project_wrapper.\io_oeb [7] is used but has no driver.
Warning: Wire user_project_wrapper.\io_oeb [6] is used but has no driver.
Warning: Wire user_project_wrapper.\io_oeb [5] is used but has no driver.
Warning: Wire user_project_wrapper.\io_oeb [4] is used but has no driver.
Warning: Wire user_project_wrapper.\io_oeb [3] is used but has no driver.
Warning: Wire user_project_wrapper.\io_oeb [2] is used but has no driver.
Warning: Wire user_project_wrapper.\io_oeb [1] is used but has no driver.
Warning: Wire user_project_wrapper.\io_oeb [0] is used but has no driver.
Found and reported 156 problems.

11. Printing statistics.

=== user_project_wrapper ===

   Number of wires:                 36
   Number of wire bits:            434
   Number of public wires:          18
   Number of public wire bits:     416
   Number of memories:               0
   Number of memory bits:            0
   Number of processes:              0
   Number of cells:                  1
     cntr_example                    1

   Area for cell type \cntr_example is unknown!

12. Executing Verilog backend.

12.1. Executing BMUXMAP pass.

12.2. Executing DEMUXMAP pass.
Dumping module `\user_project_wrapper'.

Warnings: 158 unique messages, 158 total
End of script. Logfile hash: 41461fe4cd, CPU: user 0.50s system 0.04s, MEM: 56.12 MB peak
Yosys 0.22 (git sha1 f109fa3d4c5, gcc 8.3.1 -fPIC -Os)
Time spent: 97% 2x stat (0 sec), 0% 8x read_verilog (0 sec), ...
