
Magic 8.3 revision 331 - Compiled on Sat Oct 22 18:40:56 UTC 2022.
Starting magic under Tcl interpreter
Using the terminal as the console.
Using NULL graphics device.
Processing system .magicrc file
Sourcing design .magicrc for technology gf180mcuC ...
10 Magic internal units = 1 Lambda
Input style import: scaleFactor=10, multiplier=2
The following types are not handled by extraction and will be treated as non-electrical types:
    obsactive mvobsactive filldiff fillpoly m1hole obsm1 fillm1 obsv1 m2hole obsm2 fillm2 obsv2 m3hole obsm3 fillm3 m4hole obsm4 fillm4 m5hole obsm5 fillm5 glass fillblock lvstext obscomment 
Scaled tech values by 10 / 1 to match internal grid scaling
Loading gf180mcuC Device Generator Menu ...
Using technology "gf180mcuC", version 1.0.349-0-g0059588
Reading LEF data from file /home/htf6ry/GF180PDK/gf180mcuC/libs.ref/gf180mcu_fd_sc_mcu7t5v0/techlef/gf180mcu_fd_sc_mcu7t5v0.tlef.
This action cannot be undone.
LEF read, Line 78 (Message): Unknown keyword "MINWIDTH" in LEF file; ignoring.
LEF read, Line 85 (Message): Unknown keyword "ANTENNAMODEL" in LEF file; ignoring.
LEF read, Line 95 (Message): Unknown keyword "DENSITYCHECKWINDOW" in LEF file; ignoring.
LEF read, Line 96 (Message): Unknown keyword "DENSITYCHECKSTEP" in LEF file; ignoring.
LEF read, Line 110 (Message): Unknown keyword "ARRAYSPACING" in LEF file; ignoring.
LEF read, Line 114 (Message): Unknown keyword "ANTENNAMODEL" in LEF file; ignoring.
LEF read, Line 126 (Message): Unknown keyword "MINWIDTH" in LEF file; ignoring.
LEF read, Line 133 (Message): Unknown keyword "ANTENNAMODEL" in LEF file; ignoring.
LEF read, Line 134 (Message): Unknown keyword "ANTENNADIFFSIDEAREARATIO" in LEF file; ignoring.
LEF read, Line 135 (Message): Unknown keyword "ANTENNAGATEPLUSDIFF" in LEF file; ignoring.
LEF read, Line 144 (Message): Unknown keyword "DENSITYCHECKWINDOW" in LEF file; ignoring.
LEF read, Line 145 (Message): Unknown keyword "DENSITYCHECKSTEP" in LEF file; ignoring.
LEF read, Line 161 (Message): Unknown keyword "ARRAYSPACING" in LEF file; ignoring.
LEF read, Line 165 (Message): Unknown keyword "ANTENNAMODEL" in LEF file; ignoring.
LEF read, Line 177 (Message): Unknown keyword "MINWIDTH" in LEF file; ignoring.
LEF read, Line 184 (Message): Unknown keyword "ANTENNAMODEL" in LEF file; ignoring.
LEF read, Line 185 (Message): Unknown keyword "ANTENNADIFFSIDEAREARATIO" in LEF file; ignoring.
LEF read, Line 186 (Message): Unknown keyword "ANTENNAGATEPLUSDIFF" in LEF file; ignoring.
LEF read, Line 195 (Message): Unknown keyword "DENSITYCHECKWINDOW" in LEF file; ignoring.
LEF read, Line 196 (Message): Unknown keyword "DENSITYCHECKSTEP" in LEF file; ignoring.
LEF read, Line 212 (Message): Unknown keyword "ARRAYSPACING" in LEF file; ignoring.
LEF read, Line 216 (Message): Unknown keyword "ANTENNAMODEL" in LEF file; ignoring.
LEF read, Line 228 (Message): Unknown keyword "MINWIDTH" in LEF file; ignoring.
LEF read, Line 235 (Message): Unknown keyword "ANTENNAMODEL" in LEF file; ignoring.
LEF read, Line 236 (Message): Unknown keyword "ANTENNADIFFSIDEAREARATIO" in LEF file; ignoring.
LEF read, Line 237 (Message): Unknown keyword "ANTENNAGATEPLUSDIFF" in LEF file; ignoring.
LEF read, Line 246 (Message): Unknown keyword "DENSITYCHECKWINDOW" in LEF file; ignoring.
LEF read, Line 247 (Message): Unknown keyword "DENSITYCHECKSTEP" in LEF file; ignoring.
LEF read, Line 264 (Message): Unknown keyword "ARRAYSPACING" in LEF file; ignoring.
LEF read, Line 268 (Message): Unknown keyword "ANTENNAMODEL" in LEF file; ignoring.
LEF read, Line 282 (Message): Unknown keyword "MINWIDTH" in LEF file; ignoring.
LEF read, Line 294 (Message): Unknown keyword "ANTENNAMODEL" in LEF file; ignoring.
LEF read, Line 295 (Message): Unknown keyword "ANTENNADIFFSIDEAREARATIO" in LEF file; ignoring.
LEF read, Line 296 (Message): Unknown keyword "ANTENNAGATEPLUSDIFF" in LEF file; ignoring.
LEF read, Line 301 (Message): Unknown keyword "DENSITYCHECKWINDOW" in LEF file; ignoring.
LEF read, Line 302 (Message): Unknown keyword "DENSITYCHECKSTEP" in LEF file; ignoring.
LEF read: Processed 1366 lines.
Reading DEF data from file /home/htf6ry/gf180-demo/openlane/cntr_example/runs/22_12_03_16_29/results/routing/cntr_example.def.
This action cannot be undone.
  Processed 3 vias total.
Scaled magic input cell gf180mcu_fd_sc_mcu7t5v0__fill_1 geometry by factor of 2
Scaled magic input cell gf180mcu_fd_sc_mcu7t5v0__fill_2 geometry by factor of 2
Scaled magic input cell gf180mcu_fd_sc_mcu7t5v0__endcap geometry by factor of 2
  Processed 58369 subcell instances total.
  Processed 42 pins total.
  Processed 2 special nets total.
  Processed 111 nets total.
DEF read: Processed 72758 lines.
Processing cntr_example
Extracting gf180mcu_fd_sc_mcu7t5v0__tiel into gf180mcu_fd_sc_mcu7t5v0__tiel.ext:
Extracting gf180mcu_fd_sc_mcu7t5v0__endcap into gf180mcu_fd_sc_mcu7t5v0__endcap.ext:
Extracting gf180mcu_fd_sc_mcu7t5v0__fillcap_16 into gf180mcu_fd_sc_mcu7t5v0__fillcap_16.ext:
Extracting gf180mcu_fd_sc_mcu7t5v0__fillcap_4 into gf180mcu_fd_sc_mcu7t5v0__fillcap_4.ext:
Extracting gf180mcu_fd_sc_mcu7t5v0__fillcap_8 into gf180mcu_fd_sc_mcu7t5v0__fillcap_8.ext:
Extracting gf180mcu_fd_sc_mcu7t5v0__fill_1 into gf180mcu_fd_sc_mcu7t5v0__fill_1.ext:
Extracting gf180mcu_fd_sc_mcu7t5v0__filltie into gf180mcu_fd_sc_mcu7t5v0__filltie.ext:
Extracting gf180mcu_fd_sc_mcu7t5v0__fillcap_32 into gf180mcu_fd_sc_mcu7t5v0__fillcap_32.ext:
Extracting gf180mcu_fd_sc_mcu7t5v0__fillcap_64 into gf180mcu_fd_sc_mcu7t5v0__fillcap_64.ext:
Extracting gf180mcu_fd_sc_mcu7t5v0__fill_2 into gf180mcu_fd_sc_mcu7t5v0__fill_2.ext:
Extracting gf180mcu_fd_sc_mcu7t5v0__antenna into gf180mcu_fd_sc_mcu7t5v0__antenna.ext:
Extracting gf180mcu_fd_sc_mcu7t5v0__clkbuf_4 into gf180mcu_fd_sc_mcu7t5v0__clkbuf_4.ext:
Extracting gf180mcu_fd_sc_mcu7t5v0__buf_1 into gf180mcu_fd_sc_mcu7t5v0__buf_1.ext:
Extracting gf180mcu_fd_sc_mcu7t5v0__clkinv_3 into gf180mcu_fd_sc_mcu7t5v0__clkinv_3.ext:
Extracting gf180mcu_fd_sc_mcu7t5v0__aoi21_1 into gf180mcu_fd_sc_mcu7t5v0__aoi21_1.ext:
Extracting gf180mcu_fd_sc_mcu7t5v0__nand2_1 into gf180mcu_fd_sc_mcu7t5v0__nand2_1.ext:
Extracting gf180mcu_fd_sc_mcu7t5v0__nand3_1 into gf180mcu_fd_sc_mcu7t5v0__nand3_1.ext:
Extracting gf180mcu_fd_sc_mcu7t5v0__nor2_1 into gf180mcu_fd_sc_mcu7t5v0__nor2_1.ext:
Extracting gf180mcu_fd_sc_mcu7t5v0__oai21_1 into gf180mcu_fd_sc_mcu7t5v0__oai21_1.ext:
Extracting gf180mcu_fd_sc_mcu7t5v0__xor2_1 into gf180mcu_fd_sc_mcu7t5v0__xor2_1.ext:
Extracting gf180mcu_fd_sc_mcu7t5v0__buf_2 into gf180mcu_fd_sc_mcu7t5v0__buf_2.ext:
Extracting gf180mcu_fd_sc_mcu7t5v0__dffq_1 into gf180mcu_fd_sc_mcu7t5v0__dffq_1.ext:
Extracting gf180mcu_fd_sc_mcu7t5v0__dffq_2 into gf180mcu_fd_sc_mcu7t5v0__dffq_2.ext:
Extracting gf180mcu_fd_sc_mcu7t5v0__clkbuf_16 into gf180mcu_fd_sc_mcu7t5v0__clkbuf_16.ext:
Extracting cntr_example into cntr_example.ext:
exttospice finished.
