OpenROAD 7c85c140308f01b73f57ea1117f3e43f39abd437 
This program is licensed under the BSD-3 license. See the LICENSE file for details.
Components of this program may be licensed under more restrictive licenses which must be honored.
[INFO ODB-0222] Reading LEF file: /home/htf6ry/gf180-demo-fiveguys/openlane/cntr_example/runs/22_12_04_16_09/tmp/merged.nom.lef
[INFO ODB-0223]     Created 13 technology layers
[INFO ODB-0224]     Created 60 technology vias
[INFO ODB-0225]     Created 229 library cells
[INFO ODB-0226] Finished LEF file:  /home/htf6ry/gf180-demo-fiveguys/openlane/cntr_example/runs/22_12_04_16_09/tmp/merged.nom.lef
[INFO ODB-0127] Reading DEF file: /home/htf6ry/gf180-demo-fiveguys/openlane/cntr_example/runs/22_12_04_16_09/results/routing/cntr_example.def
[INFO ODB-0128] Design: cntr_example
[INFO ODB-0130]     Created 42 pins.
[INFO ODB-0131]     Created 58381 components and 117214 component-terminals.
[INFO ODB-0132]     Created 2 special nets and 116762 connections.
[INFO ODB-0133]     Created 125 nets and 452 connections.
[INFO ODB-0134] Finished DEF file: /home/htf6ry/gf180-demo-fiveguys/openlane/cntr_example/runs/22_12_04_16_09/results/routing/cntr_example.def
Top-level design name: cntr_example
Found default power net 'vdd'
Found default ground net 'vss'
Found 1 power ports.
Found 1 ground ports.
Modified power connections of 58381/58381 cells.
