OpenROAD 7f00621cb612fd94e15b35790afe744c89d433a7 
This program is licensed under the BSD-3 license. See the LICENSE file for details.
Components of this program may be licensed under more restrictive licenses which must be honored.
[INFO ODB-0222] Reading LEF file: /home/htf6ry/gf180-demo/openlane/user_project_wrapper/runs/22_12_03_16_43/tmp/merged.nom.lef
[INFO ODB-0223]     Created 13 technology layers
[INFO ODB-0224]     Created 60 technology vias
[INFO ODB-0225]     Created 230 library cells
[INFO ODB-0226] Finished LEF file:  /home/htf6ry/gf180-demo/openlane/user_project_wrapper/runs/22_12_03_16_43/tmp/merged.nom.lef
[INFO ODB-0127] Reading DEF file: /home/htf6ry/gf180-demo/openlane/user_project_wrapper/fixed_dont_change/user_project_wrapper_gf180mcu.def
[INFO ODB-0128] Design: user_project_wrapper
[INFO ODB-0130]     Created 418 pins.
[INFO ODB-0132]     Created 2 special nets and 0 connections.
[INFO ODB-0134] Finished DEF file: /home/htf6ry/gf180-demo/openlane/user_project_wrapper/fixed_dont_change/user_project_wrapper_gf180mcu.def
Using manufacturing grid: 10 Using dbu per mircons: 2000
Found 416 block terminals in existing database...
Found 418 template_bterms:
  * io_in[0]: [('Metal3', 5995200, 66640, 6009600, 68880)]
  * io_in[10]: [('Metal3', 5995200, 4065040, 6009600, 4067280)]
  * io_in[11]: [('Metal3', 5995200, 4464880, 6009600, 4467120)]
  * io_in[12]: [('Metal3', 5995200, 4864720, 6009600, 4866960)]
  * io_in[13]: [('Metal3', 5995200, 5264560, 6009600, 5266800)]
  * io_in[14]: [('Metal3', 5995200, 5664400, 6009600, 5666640)]
  * io_in[15]: [('Metal2', 5881680, 5995200, 5883920, 6009600)]
  * io_in[16]: [('Metal2', 5216400, 5995200, 5218640, 6009600)]
  * io_in[17]: [('Metal2', 4551120, 5995200, 4553360, 6009600)]
  * io_in[18]: [('Metal2', 3885840, 5995200, 3888080, 6009600)]
  * io_in[19]: [('Metal2', 3220560, 5995200, 3222800, 6009600)]
  * io_in[1]: [('Metal3', 5995200, 466480, 6009600, 468720)]
  * io_in[20]: [('Metal2', 2555280, 5995200, 2557520, 6009600)]
  * io_in[21]: [('Metal2', 1890000, 5995200, 1892240, 6009600)]
  * io_in[22]: [('Metal2', 1224720, 5995200, 1226960, 6009600)]
  * io_in[23]: [('Metal2', 559440, 5995200, 561680, 6009600)]
  * io_in[24]: [('Metal3', -9600, 5914160, 4800, 5916400)]
  * io_in[25]: [('Metal3', -9600, 5487440, 4800, 5489680)]
  * io_in[26]: [('Metal3', -9600, 5060720, 4800, 5062960)]
  * io_in[27]: [('Metal3', -9600, 4634000, 4800, 4636240)]
  * io_in[28]: [('Metal3', -9600, 4207280, 4800, 4209520)]
  * io_in[29]: [('Metal3', -9600, 3780560, 4800, 3782800)]
  * io_in[2]: [('Metal3', 5995200, 866320, 6009600, 868560)]
  * io_in[30]: [('Metal3', -9600, 3353840, 4800, 3356080)]
  * io_in[31]: [('Metal3', -9600, 2927120, 4800, 2929360)]
  * io_in[32]: [('Metal3', -9600, 2500400, 4800, 2502640)]
  * io_in[33]: [('Metal3', -9600, 2073680, 4800, 2075920)]
  * io_in[34]: [('Metal3', -9600, 1646960, 4800, 1649200)]
  * io_in[35]: [('Metal3', -9600, 1220240, 4800, 1222480)]
  * io_in[36]: [('Metal3', -9600, 793520, 4800, 795760)]
  * io_in[37]: [('Metal3', -9600, 366800, 4800, 369040)]
  * io_in[3]: [('Metal3', 5995200, 1266160, 6009600, 1268400)]
  * io_in[4]: [('Metal3', 5995200, 1666000, 6009600, 1668240)]
  * io_in[5]: [('Metal3', 5995200, 2065840, 6009600, 2068080)]
  * io_in[6]: [('Metal3', 5995200, 2465680, 6009600, 2467920)]
  * io_in[7]: [('Metal3', 5995200, 2865520, 6009600, 2867760)]
  * io_in[8]: [('Metal3', 5995200, 3265360, 6009600, 3267600)]
  * io_in[9]: [('Metal3', 5995200, 3665200, 6009600, 3667440)]
  * io_oeb[0]: [('Metal3', 5995200, 333200, 6009600, 335440)]
  * io_oeb[10]: [('Metal3', 5995200, 4331600, 6009600, 4333840)]
  * io_oeb[11]: [('Metal3', 5995200, 4731440, 6009600, 4733680)]
  * io_oeb[12]: [('Metal3', 5995200, 5131280, 6009600, 5133520)]
  * io_oeb[13]: [('Metal3', 5995200, 5531120, 6009600, 5533360)]
  * io_oeb[14]: [('Metal3', 5995200, 5930960, 6009600, 5933200)]
  * io_oeb[15]: [('Metal2', 5438160, 5995200, 5440400, 6009600)]
  * io_oeb[16]: [('Metal2', 4772880, 5995200, 4775120, 6009600)]
  * io_oeb[17]: [('Metal2', 4107600, 5995200, 4109840, 6009600)]
  * io_oeb[18]: [('Metal2', 3442320, 5995200, 3444560, 6009600)]
  * io_oeb[19]: [('Metal2', 2777040, 5995200, 2779280, 6009600)]
  * io_oeb[1]: [('Metal3', 5995200, 733040, 6009600, 735280)]
  * io_oeb[20]: [('Metal2', 2111760, 5995200, 2114000, 6009600)]
  * io_oeb[21]: [('Metal2', 1446480, 5995200, 1448720, 6009600)]
  * io_oeb[22]: [('Metal2', 781200, 5995200, 783440, 6009600)]
  * io_oeb[23]: [('Metal2', 115920, 5995200, 118160, 6009600)]
  * io_oeb[24]: [('Metal3', -9600, 5629680, 4800, 5631920)]
  * io_oeb[25]: [('Metal3', -9600, 5202960, 4800, 5205200)]
  * io_oeb[26]: [('Metal3', -9600, 4776240, 4800, 4778480)]
  * io_oeb[27]: [('Metal3', -9600, 4349520, 4800, 4351760)]
  * io_oeb[28]: [('Metal3', -9600, 3922800, 4800, 3925040)]
  * io_oeb[29]: [('Metal3', -9600, 3496080, 4800, 3498320)]
  * io_oeb[2]: [('Metal3', 5995200, 1132880, 6009600, 1135120)]
  * io_oeb[30]: [('Metal3', -9600, 3069360, 4800, 3071600)]
  * io_oeb[31]: [('Metal3', -9600, 2642640, 4800, 2644880)]
  * io_oeb[32]: [('Metal3', -9600, 2215920, 4800, 2218160)]
  * io_oeb[33]: [('Metal3', -9600, 1789200, 4800, 1791440)]
  * io_oeb[34]: [('Metal3', -9600, 1362480, 4800, 1364720)]
  * io_oeb[35]: [('Metal3', -9600, 935760, 4800, 938000)]
  * io_oeb[36]: [('Metal3', -9600, 509040, 4800, 511280)]
  * io_oeb[37]: [('Metal3', -9600, 82320, 4800, 84560)]
  * io_oeb[3]: [('Metal3', 5995200, 1532720, 6009600, 1534960)]
  * io_oeb[4]: [('Metal3', 5995200, 1932560, 6009600, 1934800)]
  * io_oeb[5]: [('Metal3', 5995200, 2332400, 6009600, 2334640)]
  * io_oeb[6]: [('Metal3', 5995200, 2732240, 6009600, 2734480)]
  * io_oeb[7]: [('Metal3', 5995200, 3132080, 6009600, 3134320)]
  * io_oeb[8]: [('Metal3', 5995200, 3531920, 6009600, 3534160)]
  * io_oeb[9]: [('Metal3', 5995200, 3931760, 6009600, 3934000)]
  * io_out[0]: [('Metal3', 5995200, 199920, 6009600, 202160)]
  * io_out[10]: [('Metal3', 5995200, 4198320, 6009600, 4200560)]
  * io_out[11]: [('Metal3', 5995200, 4598160, 6009600, 4600400)]
  * io_out[12]: [('Metal3', 5995200, 4998000, 6009600, 5000240)]
  * io_out[13]: [('Metal3', 5995200, 5397840, 6009600, 5400080)]
  * io_out[14]: [('Metal3', 5995200, 5797680, 6009600, 5799920)]
  * io_out[15]: [('Metal2', 5659920, 5995200, 5662160, 6009600)]
  * io_out[16]: [('Metal2', 4994640, 5995200, 4996880, 6009600)]
  * io_out[17]: [('Metal2', 4329360, 5995200, 4331600, 6009600)]
  * io_out[18]: [('Metal2', 3664080, 5995200, 3666320, 6009600)]
  * io_out[19]: [('Metal2', 2998800, 5995200, 3001040, 6009600)]
  * io_out[1]: [('Metal3', 5995200, 599760, 6009600, 602000)]
  * io_out[20]: [('Metal2', 2333520, 5995200, 2335760, 6009600)]
  * io_out[21]: [('Metal2', 1668240, 5995200, 1670480, 6009600)]
  * io_out[22]: [('Metal2', 1002960, 5995200, 1005200, 6009600)]
  * io_out[23]: [('Metal2', 337680, 5995200, 339920, 6009600)]
  * io_out[24]: [('Metal3', -9600, 5771920, 4800, 5774160)]
  * io_out[25]: [('Metal3', -9600, 5345200, 4800, 5347440)]
  * io_out[26]: [('Metal3', -9600, 4918480, 4800, 4920720)]
  * io_out[27]: [('Metal3', -9600, 4491760, 4800, 4494000)]
  * io_out[28]: [('Metal3', -9600, 4065040, 4800, 4067280)]
  * io_out[29]: [('Metal3', -9600, 3638320, 4800, 3640560)]
  * io_out[2]: [('Metal3', 5995200, 999600, 6009600, 1001840)]
  * io_out[30]: [('Metal3', -9600, 3211600, 4800, 3213840)]
  * io_out[31]: [('Metal3', -9600, 2784880, 4800, 2787120)]
  * io_out[32]: [('Metal3', -9600, 2358160, 4800, 2360400)]
  * io_out[33]: [('Metal3', -9600, 1931440, 4800, 1933680)]
  * io_out[34]: [('Metal3', -9600, 1504720, 4800, 1506960)]
  * io_out[35]: [('Metal3', -9600, 1078000, 4800, 1080240)]
  * io_out[36]: [('Metal3', -9600, 651280, 4800, 653520)]
  * io_out[37]: [('Metal3', -9600, 224560, 4800, 226800)]
  * io_out[3]: [('Metal3', 5995200, 1399440, 6009600, 1401680)]
  * io_out[4]: [('Metal3', 5995200, 1799280, 6009600, 1801520)]
  * io_out[5]: [('Metal3', 5995200, 2199120, 6009600, 2201360)]
  * io_out[6]: [('Metal3', 5995200, 2598960, 6009600, 2601200)]
  * io_out[7]: [('Metal3', 5995200, 2998800, 6009600, 3001040)]
  * io_out[8]: [('Metal3', 5995200, 3398640, 6009600, 3400880)]
  * io_out[9]: [('Metal3', 5995200, 3798480, 6009600, 3800720)]
  * la_data_in[0]: [('Metal2', 2150960, -9600, 2153200, 4800)]
  * la_data_in[10]: [('Metal2', 2722160, -9600, 2724400, 4800)]
  * la_data_in[11]: [('Metal2', 2779280, -9600, 2781520, 4800)]
  * la_data_in[12]: [('Metal2', 2836400, -9600, 2838640, 4800)]
  * la_data_in[13]: [('Metal2', 2893520, -9600, 2895760, 4800)]
  * la_data_in[14]: [('Metal2', 2950640, -9600, 2952880, 4800)]
  * la_data_in[15]: [('Metal2', 3007760, -9600, 3010000, 4800)]
  * la_data_in[16]: [('Metal2', 3064880, -9600, 3067120, 4800)]
  * la_data_in[17]: [('Metal2', 3122000, -9600, 3124240, 4800)]
  * la_data_in[18]: [('Metal2', 3179120, -9600, 3181360, 4800)]
  * la_data_in[19]: [('Metal2', 3236240, -9600, 3238480, 4800)]
  * la_data_in[1]: [('Metal2', 2208080, -9600, 2210320, 4800)]
  * la_data_in[20]: [('Metal2', 3293360, -9600, 3295600, 4800)]
  * la_data_in[21]: [('Metal2', 3350480, -9600, 3352720, 4800)]
  * la_data_in[22]: [('Metal2', 3407600, -9600, 3409840, 4800)]
  * la_data_in[23]: [('Metal2', 3464720, -9600, 3466960, 4800)]
  * la_data_in[24]: [('Metal2', 3521840, -9600, 3524080, 4800)]
  * la_data_in[25]: [('Metal2', 3578960, -9600, 3581200, 4800)]
  * la_data_in[26]: [('Metal2', 3636080, -9600, 3638320, 4800)]
  * la_data_in[27]: [('Metal2', 3693200, -9600, 3695440, 4800)]
  * la_data_in[28]: [('Metal2', 3750320, -9600, 3752560, 4800)]
  * la_data_in[29]: [('Metal2', 3807440, -9600, 3809680, 4800)]
  * la_data_in[2]: [('Metal2', 2265200, -9600, 2267440, 4800)]
  * la_data_in[30]: [('Metal2', 3864560, -9600, 3866800, 4800)]
  * la_data_in[31]: [('Metal2', 3921680, -9600, 3923920, 4800)]
  * la_data_in[32]: [('Metal2', 3978800, -9600, 3981040, 4800)]
  * la_data_in[33]: [('Metal2', 4035920, -9600, 4038160, 4800)]
  * la_data_in[34]: [('Metal2', 4093040, -9600, 4095280, 4800)]
  * la_data_in[35]: [('Metal2', 4150160, -9600, 4152400, 4800)]
  * la_data_in[36]: [('Metal2', 4207280, -9600, 4209520, 4800)]
  * la_data_in[37]: [('Metal2', 4264400, -9600, 4266640, 4800)]
  * la_data_in[38]: [('Metal2', 4321520, -9600, 4323760, 4800)]
  * la_data_in[39]: [('Metal2', 4378640, -9600, 4380880, 4800)]
  * la_data_in[3]: [('Metal2', 2322320, -9600, 2324560, 4800)]
  * la_data_in[40]: [('Metal2', 4435760, -9600, 4438000, 4800)]
  * la_data_in[41]: [('Metal2', 4492880, -9600, 4495120, 4800)]
  * la_data_in[42]: [('Metal2', 4550000, -9600, 4552240, 4800)]
  * la_data_in[43]: [('Metal2', 4607120, -9600, 4609360, 4800)]
  * la_data_in[44]: [('Metal2', 4664240, -9600, 4666480, 4800)]
  * la_data_in[45]: [('Metal2', 4721360, -9600, 4723600, 4800)]
  * la_data_in[46]: [('Metal2', 4778480, -9600, 4780720, 4800)]
  * la_data_in[47]: [('Metal2', 4835600, -9600, 4837840, 4800)]
  * la_data_in[48]: [('Metal2', 4892720, -9600, 4894960, 4800)]
  * la_data_in[49]: [('Metal2', 4949840, -9600, 4952080, 4800)]
  * la_data_in[4]: [('Metal2', 2379440, -9600, 2381680, 4800)]
  * la_data_in[50]: [('Metal2', 5006960, -9600, 5009200, 4800)]
  * la_data_in[51]: [('Metal2', 5064080, -9600, 5066320, 4800)]
  * la_data_in[52]: [('Metal2', 5121200, -9600, 5123440, 4800)]
  * la_data_in[53]: [('Metal2', 5178320, -9600, 5180560, 4800)]
  * la_data_in[54]: [('Metal2', 5235440, -9600, 5237680, 4800)]
  * la_data_in[55]: [('Metal2', 5292560, -9600, 5294800, 4800)]
  * la_data_in[56]: [('Metal2', 5349680, -9600, 5351920, 4800)]
  * la_data_in[57]: [('Metal2', 5406800, -9600, 5409040, 4800)]
  * la_data_in[58]: [('Metal2', 5463920, -9600, 5466160, 4800)]
  * la_data_in[59]: [('Metal2', 5521040, -9600, 5523280, 4800)]
  * la_data_in[5]: [('Metal2', 2436560, -9600, 2438800, 4800)]
  * la_data_in[60]: [('Metal2', 5578160, -9600, 5580400, 4800)]
  * la_data_in[61]: [('Metal2', 5635280, -9600, 5637520, 4800)]
  * la_data_in[62]: [('Metal2', 5692400, -9600, 5694640, 4800)]
  * la_data_in[63]: [('Metal2', 5749520, -9600, 5751760, 4800)]
  * la_data_in[6]: [('Metal2', 2493680, -9600, 2495920, 4800)]
  * la_data_in[7]: [('Metal2', 2550800, -9600, 2553040, 4800)]
  * la_data_in[8]: [('Metal2', 2607920, -9600, 2610160, 4800)]
  * la_data_in[9]: [('Metal2', 2665040, -9600, 2667280, 4800)]
  * la_data_out[0]: [('Metal2', 2170000, -9600, 2172240, 4800)]
  * la_data_out[10]: [('Metal2', 2741200, -9600, 2743440, 4800)]
  * la_data_out[11]: [('Metal2', 2798320, -9600, 2800560, 4800)]
  * la_data_out[12]: [('Metal2', 2855440, -9600, 2857680, 4800)]
  * la_data_out[13]: [('Metal2', 2912560, -9600, 2914800, 4800)]
  * la_data_out[14]: [('Metal2', 2969680, -9600, 2971920, 4800)]
  * la_data_out[15]: [('Metal2', 3026800, -9600, 3029040, 4800)]
  * la_data_out[16]: [('Metal2', 3083920, -9600, 3086160, 4800)]
  * la_data_out[17]: [('Metal2', 3141040, -9600, 3143280, 4800)]
  * la_data_out[18]: [('Metal2', 3198160, -9600, 3200400, 4800)]
  * la_data_out[19]: [('Metal2', 3255280, -9600, 3257520, 4800)]
  * la_data_out[1]: [('Metal2', 2227120, -9600, 2229360, 4800)]
  * la_data_out[20]: [('Metal2', 3312400, -9600, 3314640, 4800)]
  * la_data_out[21]: [('Metal2', 3369520, -9600, 3371760, 4800)]
  * la_data_out[22]: [('Metal2', 3426640, -9600, 3428880, 4800)]
  * la_data_out[23]: [('Metal2', 3483760, -9600, 3486000, 4800)]
  * la_data_out[24]: [('Metal2', 3540880, -9600, 3543120, 4800)]
  * la_data_out[25]: [('Metal2', 3598000, -9600, 3600240, 4800)]
  * la_data_out[26]: [('Metal2', 3655120, -9600, 3657360, 4800)]
  * la_data_out[27]: [('Metal2', 3712240, -9600, 3714480, 4800)]
  * la_data_out[28]: [('Metal2', 3769360, -9600, 3771600, 4800)]
  * la_data_out[29]: [('Metal2', 3826480, -9600, 3828720, 4800)]
  * la_data_out[2]: [('Metal2', 2284240, -9600, 2286480, 4800)]
  * la_data_out[30]: [('Metal2', 3883600, -9600, 3885840, 4800)]
  * la_data_out[31]: [('Metal2', 3940720, -9600, 3942960, 4800)]
  * la_data_out[32]: [('Metal2', 3997840, -9600, 4000080, 4800)]
  * la_data_out[33]: [('Metal2', 4054960, -9600, 4057200, 4800)]
  * la_data_out[34]: [('Metal2', 4112080, -9600, 4114320, 4800)]
  * la_data_out[35]: [('Metal2', 4169200, -9600, 4171440, 4800)]
  * la_data_out[36]: [('Metal2', 4226320, -9600, 4228560, 4800)]
  * la_data_out[37]: [('Metal2', 4283440, -9600, 4285680, 4800)]
  * la_data_out[38]: [('Metal2', 4340560, -9600, 4342800, 4800)]
  * la_data_out[39]: [('Metal2', 4397680, -9600, 4399920, 4800)]
  * la_data_out[3]: [('Metal2', 2341360, -9600, 2343600, 4800)]
  * la_data_out[40]: [('Metal2', 4454800, -9600, 4457040, 4800)]
  * la_data_out[41]: [('Metal2', 4511920, -9600, 4514160, 4800)]
  * la_data_out[42]: [('Metal2', 4569040, -9600, 4571280, 4800)]
  * la_data_out[43]: [('Metal2', 4626160, -9600, 4628400, 4800)]
  * la_data_out[44]: [('Metal2', 4683280, -9600, 4685520, 4800)]
  * la_data_out[45]: [('Metal2', 4740400, -9600, 4742640, 4800)]
  * la_data_out[46]: [('Metal2', 4797520, -9600, 4799760, 4800)]
  * la_data_out[47]: [('Metal2', 4854640, -9600, 4856880, 4800)]
  * la_data_out[48]: [('Metal2', 4911760, -9600, 4914000, 4800)]
  * la_data_out[49]: [('Metal2', 4968880, -9600, 4971120, 4800)]
  * la_data_out[4]: [('Metal2', 2398480, -9600, 2400720, 4800)]
  * la_data_out[50]: [('Metal2', 5026000, -9600, 5028240, 4800)]
  * la_data_out[51]: [('Metal2', 5083120, -9600, 5085360, 4800)]
  * la_data_out[52]: [('Metal2', 5140240, -9600, 5142480, 4800)]
  * la_data_out[53]: [('Metal2', 5197360, -9600, 5199600, 4800)]
  * la_data_out[54]: [('Metal2', 5254480, -9600, 5256720, 4800)]
  * la_data_out[55]: [('Metal2', 5311600, -9600, 5313840, 4800)]
  * la_data_out[56]: [('Metal2', 5368720, -9600, 5370960, 4800)]
  * la_data_out[57]: [('Metal2', 5425840, -9600, 5428080, 4800)]
  * la_data_out[58]: [('Metal2', 5482960, -9600, 5485200, 4800)]
  * la_data_out[59]: [('Metal2', 5540080, -9600, 5542320, 4800)]
  * la_data_out[5]: [('Metal2', 2455600, -9600, 2457840, 4800)]
  * la_data_out[60]: [('Metal2', 5597200, -9600, 5599440, 4800)]
  * la_data_out[61]: [('Metal2', 5654320, -9600, 5656560, 4800)]
  * la_data_out[62]: [('Metal2', 5711440, -9600, 5713680, 4800)]
  * la_data_out[63]: [('Metal2', 5768560, -9600, 5770800, 4800)]
  * la_data_out[6]: [('Metal2', 2512720, -9600, 2514960, 4800)]
  * la_data_out[7]: [('Metal2', 2569840, -9600, 2572080, 4800)]
  * la_data_out[8]: [('Metal2', 2626960, -9600, 2629200, 4800)]
  * la_data_out[9]: [('Metal2', 2684080, -9600, 2686320, 4800)]
  * la_oenb[0]: [('Metal2', 2189040, -9600, 2191280, 4800)]
  * la_oenb[10]: [('Metal2', 2760240, -9600, 2762480, 4800)]
  * la_oenb[11]: [('Metal2', 2817360, -9600, 2819600, 4800)]
  * la_oenb[12]: [('Metal2', 2874480, -9600, 2876720, 4800)]
  * la_oenb[13]: [('Metal2', 2931600, -9600, 2933840, 4800)]
  * la_oenb[14]: [('Metal2', 2988720, -9600, 2990960, 4800)]
  * la_oenb[15]: [('Metal2', 3045840, -9600, 3048080, 4800)]
  * la_oenb[16]: [('Metal2', 3102960, -9600, 3105200, 4800)]
  * la_oenb[17]: [('Metal2', 3160080, -9600, 3162320, 4800)]
  * la_oenb[18]: [('Metal2', 3217200, -9600, 3219440, 4800)]
  * la_oenb[19]: [('Metal2', 3274320, -9600, 3276560, 4800)]
  * la_oenb[1]: [('Metal2', 2246160, -9600, 2248400, 4800)]
  * la_oenb[20]: [('Metal2', 3331440, -9600, 3333680, 4800)]
  * la_oenb[21]: [('Metal2', 3388560, -9600, 3390800, 4800)]
  * la_oenb[22]: [('Metal2', 3445680, -9600, 3447920, 4800)]
  * la_oenb[23]: [('Metal2', 3502800, -9600, 3505040, 4800)]
  * la_oenb[24]: [('Metal2', 3559920, -9600, 3562160, 4800)]
  * la_oenb[25]: [('Metal2', 3617040, -9600, 3619280, 4800)]
  * la_oenb[26]: [('Metal2', 3674160, -9600, 3676400, 4800)]
  * la_oenb[27]: [('Metal2', 3731280, -9600, 3733520, 4800)]
  * la_oenb[28]: [('Metal2', 3788400, -9600, 3790640, 4800)]
  * la_oenb[29]: [('Metal2', 3845520, -9600, 3847760, 4800)]
  * la_oenb[2]: [('Metal2', 2303280, -9600, 2305520, 4800)]
  * la_oenb[30]: [('Metal2', 3902640, -9600, 3904880, 4800)]
  * la_oenb[31]: [('Metal2', 3959760, -9600, 3962000, 4800)]
  * la_oenb[32]: [('Metal2', 4016880, -9600, 4019120, 4800)]
  * la_oenb[33]: [('Metal2', 4074000, -9600, 4076240, 4800)]
  * la_oenb[34]: [('Metal2', 4131120, -9600, 4133360, 4800)]
  * la_oenb[35]: [('Metal2', 4188240, -9600, 4190480, 4800)]
  * la_oenb[36]: [('Metal2', 4245360, -9600, 4247600, 4800)]
  * la_oenb[37]: [('Metal2', 4302480, -9600, 4304720, 4800)]
  * la_oenb[38]: [('Metal2', 4359600, -9600, 4361840, 4800)]
  * la_oenb[39]: [('Metal2', 4416720, -9600, 4418960, 4800)]
  * la_oenb[3]: [('Metal2', 2360400, -9600, 2362640, 4800)]
  * la_oenb[40]: [('Metal2', 4473840, -9600, 4476080, 4800)]
  * la_oenb[41]: [('Metal2', 4530960, -9600, 4533200, 4800)]
  * la_oenb[42]: [('Metal2', 4588080, -9600, 4590320, 4800)]
  * la_oenb[43]: [('Metal2', 4645200, -9600, 4647440, 4800)]
  * la_oenb[44]: [('Metal2', 4702320, -9600, 4704560, 4800)]
  * la_oenb[45]: [('Metal2', 4759440, -9600, 4761680, 4800)]
  * la_oenb[46]: [('Metal2', 4816560, -9600, 4818800, 4800)]
  * la_oenb[47]: [('Metal2', 4873680, -9600, 4875920, 4800)]
  * la_oenb[48]: [('Metal2', 4930800, -9600, 4933040, 4800)]
  * la_oenb[49]: [('Metal2', 4987920, -9600, 4990160, 4800)]
  * la_oenb[4]: [('Metal2', 2417520, -9600, 2419760, 4800)]
  * la_oenb[50]: [('Metal2', 5045040, -9600, 5047280, 4800)]
  * la_oenb[51]: [('Metal2', 5102160, -9600, 5104400, 4800)]
  * la_oenb[52]: [('Metal2', 5159280, -9600, 5161520, 4800)]
  * la_oenb[53]: [('Metal2', 5216400, -9600, 5218640, 4800)]
  * la_oenb[54]: [('Metal2', 5273520, -9600, 5275760, 4800)]
  * la_oenb[55]: [('Metal2', 5330640, -9600, 5332880, 4800)]
  * la_oenb[56]: [('Metal2', 5387760, -9600, 5390000, 4800)]
  * la_oenb[57]: [('Metal2', 5444880, -9600, 5447120, 4800)]
  * la_oenb[58]: [('Metal2', 5502000, -9600, 5504240, 4800)]
  * la_oenb[59]: [('Metal2', 5559120, -9600, 5561360, 4800)]
  * la_oenb[5]: [('Metal2', 2474640, -9600, 2476880, 4800)]
  * la_oenb[60]: [('Metal2', 5616240, -9600, 5618480, 4800)]
  * la_oenb[61]: [('Metal2', 5673360, -9600, 5675600, 4800)]
  * la_oenb[62]: [('Metal2', 5730480, -9600, 5732720, 4800)]
  * la_oenb[63]: [('Metal2', 5787600, -9600, 5789840, 4800)]
  * la_oenb[6]: [('Metal2', 2531760, -9600, 2534000, 4800)]
  * la_oenb[7]: [('Metal2', 2588880, -9600, 2591120, 4800)]
  * la_oenb[8]: [('Metal2', 2646000, -9600, 2648240, 4800)]
  * la_oenb[9]: [('Metal2', 2703120, -9600, 2705360, 4800)]
  * user_clock2: [('Metal2', 5806640, -9600, 5808880, 4800)]
  * user_irq[0]: [('Metal2', 5825680, -9600, 5827920, 4800)]
  * user_irq[1]: [('Metal2', 5844720, -9600, 5846960, 4800)]
  * user_irq[2]: [('Metal2', 5863760, -9600, 5866000, 4800)]
  * vdd: [('Metal5', -120, 5813940, 5999960, 5820140), ('Metal5', -120, 5633940, 5999960, 5640140), ('Metal5', -120, 5453940, 5999960, 5460140), ('Metal5', -120, 5273940, 5999960, 5280140), ('Metal5', -120, 5093940, 5999960, 5100140), ('Metal5', -120, 4913940, 5999960, 4920140), ('Metal5', -120, 4733940, 5999960, 4740140), ('Metal5', -120, 4553940, 5999960, 4560140), ('Metal5', -120, 4373940, 5999960, 4380140), ('Metal5', -120, 4193940, 5999960, 4200140), ('Metal5', -120, 4013940, 5999960, 4020140), ('Metal5', -120, 3833940, 5999960, 3840140), ('Metal5', -120, 3653940, 5999960, 3660140), ('Metal5', -120, 3473940, 5999960, 3480140), ('Metal5', -120, 3293940, 5999960, 3300140), ('Metal5', -120, 3113940, 5999960, 3120140), ('Metal5', -120, 2933940, 5999960, 2940140), ('Metal5', -120, 2753940, 5999960, 2760140), ('Metal5', -120, 2573940, 5999960, 2580140), ('Metal5', -120, 2393940, 5999960, 2400140), ('Metal5', -120, 2213940, 5999960, 2220140), ('Metal5', -120, 2033940, 5999960, 2040140), ('Metal5', -120, 1853940, 5999960, 1860140), ('Metal5', -120, 1673940, 5999960, 1680140), ('Metal5', -120, 1493940, 5999960, 1500140), ('Metal5', -120, 1313940, 5999960, 1320140), ('Metal5', -120, 1133940, 5999960, 1140140), ('Metal5', -120, 953940, 5999960, 960140), ('Metal5', -120, 773940, 5999960, 780140), ('Metal5', -120, 593940, 5999960, 600140), ('Metal5', -120, 413940, 5999960, 420140), ('Metal5', -120, 233940, 5999960, 240140), ('Metal5', -120, 53940, 5999960, 60140), ('Metal4', 5810580, 3240, 5816780, 5994360), ('Metal4', 5630580, 3240, 5636780, 5994360), ('Metal4', 5450580, 3240, 5456780, 5994360), ('Metal4', 5270580, 3240, 5276780, 5994360), ('Metal4', 5090580, 3240, 5096780, 5994360), ('Metal4', 4910580, 3240, 4916780, 5994360), ('Metal4', 4730580, 3240, 4736780, 5994360), ('Metal4', 4550580, 3240, 4556780, 5994360), ('Metal4', 4370580, 3240, 4376780, 5994360), ('Metal4', 4190580, 3240, 4196780, 5994360), ('Metal4', 4010580, 3240, 4016780, 5994360), ('Metal4', 3830580, 3240, 3836780, 5994360), ('Metal4', 3650580, 3240, 3656780, 5994360), ('Metal4', 3470580, 3240, 3476780, 5994360), ('Metal4', 3290580, 3240, 3296780, 5994360), ('Metal4', 3110580, 3240, 3116780, 5994360), ('Metal4', 2930580, 3240, 2936780, 5994360), ('Metal4', 2750580, 3240, 2756780, 5994360), ('Metal4', 2570580, 3240, 2576780, 5994360), ('Metal4', 2390580, 3240, 2396780, 5994360), ('Metal4', 2210580, 3240, 2216780, 5994360), ('Metal4', 2030580, 3240, 2036780, 5994360), ('Metal4', 1850580, 3240, 1856780, 5994360), ('Metal4', 1670580, 3240, 1676780, 5994360), ('Metal4', 1490580, 3240, 1496780, 5994360), ('Metal4', 1310580, 3240, 1316780, 5994360), ('Metal4', 1130580, 3240, 1136780, 5994360), ('Metal4', 950580, 3240, 956780, 5994360), ('Metal4', 770580, 3240, 776780, 5994360), ('Metal4', 590580, 3240, 596780, 5994360), ('Metal4', 410580, 3240, 416780, 5994360), ('Metal4', 230580, 3240, 236780, 5994360), ('Metal4', 50580, 3240, 56780, 5994360), ('Metal4', 5984160, 12840, 5990360, 5984760), ('Metal5', 9480, 5978560, 5990360, 5984760), ('Metal5', 9480, 12840, 5990360, 19040), ('Metal4', 9480, 12840, 15680, 5984760)]
  * vss: [('Metal5', -120, 5873940, 5999960, 5880140), ('Metal5', -120, 5693940, 5999960, 5700140), ('Metal5', -120, 5513940, 5999960, 5520140), ('Metal5', -120, 5333940, 5999960, 5340140), ('Metal5', -120, 5153940, 5999960, 5160140), ('Metal5', -120, 4973940, 5999960, 4980140), ('Metal5', -120, 4793940, 5999960, 4800140), ('Metal5', -120, 4613940, 5999960, 4620140), ('Metal5', -120, 4433940, 5999960, 4440140), ('Metal5', -120, 4253940, 5999960, 4260140), ('Metal5', -120, 4073940, 5999960, 4080140), ('Metal5', -120, 3893940, 5999960, 3900140), ('Metal5', -120, 3713940, 5999960, 3720140), ('Metal5', -120, 3533940, 5999960, 3540140), ('Metal5', -120, 3353940, 5999960, 3360140), ('Metal5', -120, 3173940, 5999960, 3180140), ('Metal5', -120, 2993940, 5999960, 3000140), ('Metal5', -120, 2813940, 5999960, 2820140), ('Metal5', -120, 2633940, 5999960, 2640140), ('Metal5', -120, 2453940, 5999960, 2460140), ('Metal5', -120, 2273940, 5999960, 2280140), ('Metal5', -120, 2093940, 5999960, 2100140), ('Metal5', -120, 1913940, 5999960, 1920140), ('Metal5', -120, 1733940, 5999960, 1740140), ('Metal5', -120, 1553940, 5999960, 1560140), ('Metal5', -120, 1373940, 5999960, 1380140), ('Metal5', -120, 1193940, 5999960, 1200140), ('Metal5', -120, 1013940, 5999960, 1020140), ('Metal5', -120, 833940, 5999960, 840140), ('Metal5', -120, 653940, 5999960, 660140), ('Metal5', -120, 473940, 5999960, 480140), ('Metal5', -120, 293940, 5999960, 300140), ('Metal5', -120, 113940, 5999960, 120140), ('Metal4', 5847780, 3240, 5853980, 5994360), ('Metal4', 5667780, 3240, 5673980, 5994360), ('Metal4', 5487780, 3240, 5493980, 5994360), ('Metal4', 5307780, 3240, 5313980, 5994360), ('Metal4', 5127780, 3240, 5133980, 5994360), ('Metal4', 4947780, 3240, 4953980, 5994360), ('Metal4', 4767780, 3240, 4773980, 5994360), ('Metal4', 4587780, 3240, 4593980, 5994360), ('Metal4', 4407780, 3240, 4413980, 5994360), ('Metal4', 4227780, 3240, 4233980, 5994360), ('Metal4', 4047780, 3240, 4053980, 5994360), ('Metal4', 3867780, 3240, 3873980, 5994360), ('Metal4', 3687780, 3240, 3693980, 5994360), ('Metal4', 3507780, 3240, 3513980, 5994360), ('Metal4', 3327780, 3240, 3333980, 5994360), ('Metal4', 3147780, 3240, 3153980, 5994360), ('Metal4', 2967780, 3240, 2973980, 5994360), ('Metal4', 2787780, 3240, 2793980, 5994360), ('Metal4', 2607780, 3240, 2613980, 5994360), ('Metal4', 2427780, 3240, 2433980, 5994360), ('Metal4', 2247780, 3240, 2253980, 5994360), ('Metal4', 2067780, 3240, 2073980, 5994360), ('Metal4', 1887780, 3240, 1893980, 5994360), ('Metal4', 1707780, 3240, 1713980, 5994360), ('Metal4', 1527780, 3240, 1533980, 5994360), ('Metal4', 1347780, 3240, 1353980, 5994360), ('Metal4', 1167780, 3240, 1173980, 5994360), ('Metal4', 987780, 3240, 993980, 5994360), ('Metal4', 807780, 3240, 813980, 5994360), ('Metal4', 627780, 3240, 633980, 5994360), ('Metal4', 447780, 3240, 453980, 5994360), ('Metal4', 267780, 3240, 273980, 5994360), ('Metal4', 87780, 3240, 93980, 5994360), ('Metal4', 5993760, 3240, 5999960, 5994360), ('Metal5', -120, 5988160, 5999960, 5994360), ('Metal5', -120, 3240, 5999960, 9440), ('Metal4', -120, 3240, 6080, 5994360)]
  * wb_clk_i: [('Metal2', 132720, -9600, 134960, 4800)]
  * wb_rst_i: [('Metal2', 151760, -9600, 154000, 4800)]
  * wbs_ack_o: [('Metal2', 170800, -9600, 173040, 4800)]
  * wbs_adr_i[0]: [('Metal2', 246960, -9600, 249200, 4800)]
  * wbs_adr_i[10]: [('Metal2', 894320, -9600, 896560, 4800)]
  * wbs_adr_i[11]: [('Metal2', 951440, -9600, 953680, 4800)]
  * wbs_adr_i[12]: [('Metal2', 1008560, -9600, 1010800, 4800)]
  * wbs_adr_i[13]: [('Metal2', 1065680, -9600, 1067920, 4800)]
  * wbs_adr_i[14]: [('Metal2', 1122800, -9600, 1125040, 4800)]
  * wbs_adr_i[15]: [('Metal2', 1179920, -9600, 1182160, 4800)]
  * wbs_adr_i[16]: [('Metal2', 1237040, -9600, 1239280, 4800)]
  * wbs_adr_i[17]: [('Metal2', 1294160, -9600, 1296400, 4800)]
  * wbs_adr_i[18]: [('Metal2', 1351280, -9600, 1353520, 4800)]
  * wbs_adr_i[19]: [('Metal2', 1408400, -9600, 1410640, 4800)]
  * wbs_adr_i[1]: [('Metal2', 323120, -9600, 325360, 4800)]
  * wbs_adr_i[20]: [('Metal2', 1465520, -9600, 1467760, 4800)]
  * wbs_adr_i[21]: [('Metal2', 1522640, -9600, 1524880, 4800)]
  * wbs_adr_i[22]: [('Metal2', 1579760, -9600, 1582000, 4800)]
  * wbs_adr_i[23]: [('Metal2', 1636880, -9600, 1639120, 4800)]
  * wbs_adr_i[24]: [('Metal2', 1694000, -9600, 1696240, 4800)]
  * wbs_adr_i[25]: [('Metal2', 1751120, -9600, 1753360, 4800)]
  * wbs_adr_i[26]: [('Metal2', 1808240, -9600, 1810480, 4800)]
  * wbs_adr_i[27]: [('Metal2', 1865360, -9600, 1867600, 4800)]
  * wbs_adr_i[28]: [('Metal2', 1922480, -9600, 1924720, 4800)]
  * wbs_adr_i[29]: [('Metal2', 1979600, -9600, 1981840, 4800)]
  * wbs_adr_i[2]: [('Metal2', 399280, -9600, 401520, 4800)]
  * wbs_adr_i[30]: [('Metal2', 2036720, -9600, 2038960, 4800)]
  * wbs_adr_i[31]: [('Metal2', 2093840, -9600, 2096080, 4800)]
  * wbs_adr_i[3]: [('Metal2', 475440, -9600, 477680, 4800)]
  * wbs_adr_i[4]: [('Metal2', 551600, -9600, 553840, 4800)]
  * wbs_adr_i[5]: [('Metal2', 608720, -9600, 610960, 4800)]
  * wbs_adr_i[6]: [('Metal2', 665840, -9600, 668080, 4800)]
  * wbs_adr_i[7]: [('Metal2', 722960, -9600, 725200, 4800)]
  * wbs_adr_i[8]: [('Metal2', 780080, -9600, 782320, 4800)]
  * wbs_adr_i[9]: [('Metal2', 837200, -9600, 839440, 4800)]
  * wbs_cyc_i: [('Metal2', 189840, -9600, 192080, 4800)]
  * wbs_dat_i[0]: [('Metal2', 266000, -9600, 268240, 4800)]
  * wbs_dat_i[10]: [('Metal2', 913360, -9600, 915600, 4800)]
  * wbs_dat_i[11]: [('Metal2', 970480, -9600, 972720, 4800)]
  * wbs_dat_i[12]: [('Metal2', 1027600, -9600, 1029840, 4800)]
  * wbs_dat_i[13]: [('Metal2', 1084720, -9600, 1086960, 4800)]
  * wbs_dat_i[14]: [('Metal2', 1141840, -9600, 1144080, 4800)]
  * wbs_dat_i[15]: [('Metal2', 1198960, -9600, 1201200, 4800)]
  * wbs_dat_i[16]: [('Metal2', 1256080, -9600, 1258320, 4800)]
  * wbs_dat_i[17]: [('Metal2', 1313200, -9600, 1315440, 4800)]
  * wbs_dat_i[18]: [('Metal2', 1370320, -9600, 1372560, 4800)]
  * wbs_dat_i[19]: [('Metal2', 1427440, -9600, 1429680, 4800)]
  * wbs_dat_i[1]: [('Metal2', 342160, -9600, 344400, 4800)]
  * wbs_dat_i[20]: [('Metal2', 1484560, -9600, 1486800, 4800)]
  * wbs_dat_i[21]: [('Metal2', 1541680, -9600, 1543920, 4800)]
  * wbs_dat_i[22]: [('Metal2', 1598800, -9600, 1601040, 4800)]
  * wbs_dat_i[23]: [('Metal2', 1655920, -9600, 1658160, 4800)]
  * wbs_dat_i[24]: [('Metal2', 1713040, -9600, 1715280, 4800)]
  * wbs_dat_i[25]: [('Metal2', 1770160, -9600, 1772400, 4800)]
  * wbs_dat_i[26]: [('Metal2', 1827280, -9600, 1829520, 4800)]
  * wbs_dat_i[27]: [('Metal2', 1884400, -9600, 1886640, 4800)]
  * wbs_dat_i[28]: [('Metal2', 1941520, -9600, 1943760, 4800)]
  * wbs_dat_i[29]: [('Metal2', 1998640, -9600, 2000880, 4800)]
  * wbs_dat_i[2]: [('Metal2', 418320, -9600, 420560, 4800)]
  * wbs_dat_i[30]: [('Metal2', 2055760, -9600, 2058000, 4800)]
  * wbs_dat_i[31]: [('Metal2', 2112880, -9600, 2115120, 4800)]
  * wbs_dat_i[3]: [('Metal2', 494480, -9600, 496720, 4800)]
  * wbs_dat_i[4]: [('Metal2', 570640, -9600, 572880, 4800)]
  * wbs_dat_i[5]: [('Metal2', 627760, -9600, 630000, 4800)]
  * wbs_dat_i[6]: [('Metal2', 684880, -9600, 687120, 4800)]
  * wbs_dat_i[7]: [('Metal2', 742000, -9600, 744240, 4800)]
  * wbs_dat_i[8]: [('Metal2', 799120, -9600, 801360, 4800)]
  * wbs_dat_i[9]: [('Metal2', 856240, -9600, 858480, 4800)]
  * wbs_dat_o[0]: [('Metal2', 285040, -9600, 287280, 4800)]
  * wbs_dat_o[10]: [('Metal2', 932400, -9600, 934640, 4800)]
  * wbs_dat_o[11]: [('Metal2', 989520, -9600, 991760, 4800)]
  * wbs_dat_o[12]: [('Metal2', 1046640, -9600, 1048880, 4800)]
  * wbs_dat_o[13]: [('Metal2', 1103760, -9600, 1106000, 4800)]
  * wbs_dat_o[14]: [('Metal2', 1160880, -9600, 1163120, 4800)]
  * wbs_dat_o[15]: [('Metal2', 1218000, -9600, 1220240, 4800)]
  * wbs_dat_o[16]: [('Metal2', 1275120, -9600, 1277360, 4800)]
  * wbs_dat_o[17]: [('Metal2', 1332240, -9600, 1334480, 4800)]
  * wbs_dat_o[18]: [('Metal2', 1389360, -9600, 1391600, 4800)]
  * wbs_dat_o[19]: [('Metal2', 1446480, -9600, 1448720, 4800)]
  * wbs_dat_o[1]: [('Metal2', 361200, -9600, 363440, 4800)]
  * wbs_dat_o[20]: [('Metal2', 1503600, -9600, 1505840, 4800)]
  * wbs_dat_o[21]: [('Metal2', 1560720, -9600, 1562960, 4800)]
  * wbs_dat_o[22]: [('Metal2', 1617840, -9600, 1620080, 4800)]
  * wbs_dat_o[23]: [('Metal2', 1674960, -9600, 1677200, 4800)]
  * wbs_dat_o[24]: [('Metal2', 1732080, -9600, 1734320, 4800)]
  * wbs_dat_o[25]: [('Metal2', 1789200, -9600, 1791440, 4800)]
  * wbs_dat_o[26]: [('Metal2', 1846320, -9600, 1848560, 4800)]
  * wbs_dat_o[27]: [('Metal2', 1903440, -9600, 1905680, 4800)]
  * wbs_dat_o[28]: [('Metal2', 1960560, -9600, 1962800, 4800)]
  * wbs_dat_o[29]: [('Metal2', 2017680, -9600, 2019920, 4800)]
  * wbs_dat_o[2]: [('Metal2', 437360, -9600, 439600, 4800)]
  * wbs_dat_o[30]: [('Metal2', 2074800, -9600, 2077040, 4800)]
  * wbs_dat_o[31]: [('Metal2', 2131920, -9600, 2134160, 4800)]
  * wbs_dat_o[3]: [('Metal2', 513520, -9600, 515760, 4800)]
  * wbs_dat_o[4]: [('Metal2', 589680, -9600, 591920, 4800)]
  * wbs_dat_o[5]: [('Metal2', 646800, -9600, 649040, 4800)]
  * wbs_dat_o[6]: [('Metal2', 703920, -9600, 706160, 4800)]
  * wbs_dat_o[7]: [('Metal2', 761040, -9600, 763280, 4800)]
  * wbs_dat_o[8]: [('Metal2', 818160, -9600, 820400, 4800)]
  * wbs_dat_o[9]: [('Metal2', 875280, -9600, 877520, 4800)]
  * wbs_sel_i[0]: [('Metal2', 304080, -9600, 306320, 4800)]
  * wbs_sel_i[1]: [('Metal2', 380240, -9600, 382480, 4800)]
  * wbs_sel_i[2]: [('Metal2', 456400, -9600, 458640, 4800)]
  * wbs_sel_i[3]: [('Metal2', 532560, -9600, 534800, 4800)]
  * wbs_stb_i: [('Metal2', 208880, -9600, 211120, 4800)]
  * wbs_we_i: [('Metal2', 227920, -9600, 230160, 4800)]
Wrote pin io_in[0] at layer Metal3 at (5995200, 66640, 6009600, 68880)...
Wrote pin io_in[10] at layer Metal3 at (5995200, 4065040, 6009600, 4067280)...
Wrote pin io_in[11] at layer Metal3 at (5995200, 4464880, 6009600, 4467120)...
Wrote pin io_in[12] at layer Metal3 at (5995200, 4864720, 6009600, 4866960)...
Wrote pin io_in[13] at layer Metal3 at (5995200, 5264560, 6009600, 5266800)...
Wrote pin io_in[14] at layer Metal3 at (5995200, 5664400, 6009600, 5666640)...
Wrote pin io_in[15] at layer Metal2 at (5881680, 5995200, 5883920, 6009600)...
Wrote pin io_in[16] at layer Metal2 at (5216400, 5995200, 5218640, 6009600)...
Wrote pin io_in[17] at layer Metal2 at (4551120, 5995200, 4553360, 6009600)...
Wrote pin io_in[18] at layer Metal2 at (3885840, 5995200, 3888080, 6009600)...
Wrote pin io_in[19] at layer Metal2 at (3220560, 5995200, 3222800, 6009600)...
Wrote pin io_in[1] at layer Metal3 at (5995200, 466480, 6009600, 468720)...
Wrote pin io_in[20] at layer Metal2 at (2555280, 5995200, 2557520, 6009600)...
Wrote pin io_in[21] at layer Metal2 at (1890000, 5995200, 1892240, 6009600)...
Wrote pin io_in[22] at layer Metal2 at (1224720, 5995200, 1226960, 6009600)...
Wrote pin io_in[23] at layer Metal2 at (559440, 5995200, 561680, 6009600)...
Wrote pin io_in[24] at layer Metal3 at (-9600, 5914160, 4800, 5916400)...
Wrote pin io_in[25] at layer Metal3 at (-9600, 5487440, 4800, 5489680)...
Wrote pin io_in[26] at layer Metal3 at (-9600, 5060720, 4800, 5062960)...
Wrote pin io_in[27] at layer Metal3 at (-9600, 4634000, 4800, 4636240)...
Wrote pin io_in[28] at layer Metal3 at (-9600, 4207280, 4800, 4209520)...
Wrote pin io_in[29] at layer Metal3 at (-9600, 3780560, 4800, 3782800)...
Wrote pin io_in[2] at layer Metal3 at (5995200, 866320, 6009600, 868560)...
Wrote pin io_in[30] at layer Metal3 at (-9600, 3353840, 4800, 3356080)...
Wrote pin io_in[31] at layer Metal3 at (-9600, 2927120, 4800, 2929360)...
Wrote pin io_in[32] at layer Metal3 at (-9600, 2500400, 4800, 2502640)...
Wrote pin io_in[33] at layer Metal3 at (-9600, 2073680, 4800, 2075920)...
Wrote pin io_in[34] at layer Metal3 at (-9600, 1646960, 4800, 1649200)...
Wrote pin io_in[35] at layer Metal3 at (-9600, 1220240, 4800, 1222480)...
Wrote pin io_in[36] at layer Metal3 at (-9600, 793520, 4800, 795760)...
Wrote pin io_in[37] at layer Metal3 at (-9600, 366800, 4800, 369040)...
Wrote pin io_in[3] at layer Metal3 at (5995200, 1266160, 6009600, 1268400)...
Wrote pin io_in[4] at layer Metal3 at (5995200, 1666000, 6009600, 1668240)...
Wrote pin io_in[5] at layer Metal3 at (5995200, 2065840, 6009600, 2068080)...
Wrote pin io_in[6] at layer Metal3 at (5995200, 2465680, 6009600, 2467920)...
Wrote pin io_in[7] at layer Metal3 at (5995200, 2865520, 6009600, 2867760)...
Wrote pin io_in[8] at layer Metal3 at (5995200, 3265360, 6009600, 3267600)...
Wrote pin io_in[9] at layer Metal3 at (5995200, 3665200, 6009600, 3667440)...
Wrote pin io_oeb[0] at layer Metal3 at (5995200, 333200, 6009600, 335440)...
Wrote pin io_oeb[10] at layer Metal3 at (5995200, 4331600, 6009600, 4333840)...
Wrote pin io_oeb[11] at layer Metal3 at (5995200, 4731440, 6009600, 4733680)...
Wrote pin io_oeb[12] at layer Metal3 at (5995200, 5131280, 6009600, 5133520)...
Wrote pin io_oeb[13] at layer Metal3 at (5995200, 5531120, 6009600, 5533360)...
Wrote pin io_oeb[14] at layer Metal3 at (5995200, 5930960, 6009600, 5933200)...
Wrote pin io_oeb[15] at layer Metal2 at (5438160, 5995200, 5440400, 6009600)...
Wrote pin io_oeb[16] at layer Metal2 at (4772880, 5995200, 4775120, 6009600)...
Wrote pin io_oeb[17] at layer Metal2 at (4107600, 5995200, 4109840, 6009600)...
Wrote pin io_oeb[18] at layer Metal2 at (3442320, 5995200, 3444560, 6009600)...
Wrote pin io_oeb[19] at layer Metal2 at (2777040, 5995200, 2779280, 6009600)...
Wrote pin io_oeb[1] at layer Metal3 at (5995200, 733040, 6009600, 735280)...
Wrote pin io_oeb[20] at layer Metal2 at (2111760, 5995200, 2114000, 6009600)...
Wrote pin io_oeb[21] at layer Metal2 at (1446480, 5995200, 1448720, 6009600)...
Wrote pin io_oeb[22] at layer Metal2 at (781200, 5995200, 783440, 6009600)...
Wrote pin io_oeb[23] at layer Metal2 at (115920, 5995200, 118160, 6009600)...
Wrote pin io_oeb[24] at layer Metal3 at (-9600, 5629680, 4800, 5631920)...
Wrote pin io_oeb[25] at layer Metal3 at (-9600, 5202960, 4800, 5205200)...
Wrote pin io_oeb[26] at layer Metal3 at (-9600, 4776240, 4800, 4778480)...
Wrote pin io_oeb[27] at layer Metal3 at (-9600, 4349520, 4800, 4351760)...
Wrote pin io_oeb[28] at layer Metal3 at (-9600, 3922800, 4800, 3925040)...
Wrote pin io_oeb[29] at layer Metal3 at (-9600, 3496080, 4800, 3498320)...
Wrote pin io_oeb[2] at layer Metal3 at (5995200, 1132880, 6009600, 1135120)...
Wrote pin io_oeb[30] at layer Metal3 at (-9600, 3069360, 4800, 3071600)...
Wrote pin io_oeb[31] at layer Metal3 at (-9600, 2642640, 4800, 2644880)...
Wrote pin io_oeb[32] at layer Metal3 at (-9600, 2215920, 4800, 2218160)...
Wrote pin io_oeb[33] at layer Metal3 at (-9600, 1789200, 4800, 1791440)...
Wrote pin io_oeb[34] at layer Metal3 at (-9600, 1362480, 4800, 1364720)...
Wrote pin io_oeb[35] at layer Metal3 at (-9600, 935760, 4800, 938000)...
Wrote pin io_oeb[36] at layer Metal3 at (-9600, 509040, 4800, 511280)...
Wrote pin io_oeb[37] at layer Metal3 at (-9600, 82320, 4800, 84560)...
Wrote pin io_oeb[3] at layer Metal3 at (5995200, 1532720, 6009600, 1534960)...
Wrote pin io_oeb[4] at layer Metal3 at (5995200, 1932560, 6009600, 1934800)...
Wrote pin io_oeb[5] at layer Metal3 at (5995200, 2332400, 6009600, 2334640)...
Wrote pin io_oeb[6] at layer Metal3 at (5995200, 2732240, 6009600, 2734480)...
Wrote pin io_oeb[7] at layer Metal3 at (5995200, 3132080, 6009600, 3134320)...
Wrote pin io_oeb[8] at layer Metal3 at (5995200, 3531920, 6009600, 3534160)...
Wrote pin io_oeb[9] at layer Metal3 at (5995200, 3931760, 6009600, 3934000)...
Wrote pin io_out[0] at layer Metal3 at (5995200, 199920, 6009600, 202160)...
Wrote pin io_out[10] at layer Metal3 at (5995200, 4198320, 6009600, 4200560)...
Wrote pin io_out[11] at layer Metal3 at (5995200, 4598160, 6009600, 4600400)...
Wrote pin io_out[12] at layer Metal3 at (5995200, 4998000, 6009600, 5000240)...
Wrote pin io_out[13] at layer Metal3 at (5995200, 5397840, 6009600, 5400080)...
Wrote pin io_out[14] at layer Metal3 at (5995200, 5797680, 6009600, 5799920)...
Wrote pin io_out[15] at layer Metal2 at (5659920, 5995200, 5662160, 6009600)...
Wrote pin io_out[16] at layer Metal2 at (4994640, 5995200, 4996880, 6009600)...
Wrote pin io_out[17] at layer Metal2 at (4329360, 5995200, 4331600, 6009600)...
Wrote pin io_out[18] at layer Metal2 at (3664080, 5995200, 3666320, 6009600)...
Wrote pin io_out[19] at layer Metal2 at (2998800, 5995200, 3001040, 6009600)...
Wrote pin io_out[1] at layer Metal3 at (5995200, 599760, 6009600, 602000)...
Wrote pin io_out[20] at layer Metal2 at (2333520, 5995200, 2335760, 6009600)...
Wrote pin io_out[21] at layer Metal2 at (1668240, 5995200, 1670480, 6009600)...
Wrote pin io_out[22] at layer Metal2 at (1002960, 5995200, 1005200, 6009600)...
Wrote pin io_out[23] at layer Metal2 at (337680, 5995200, 339920, 6009600)...
Wrote pin io_out[24] at layer Metal3 at (-9600, 5771920, 4800, 5774160)...
Wrote pin io_out[25] at layer Metal3 at (-9600, 5345200, 4800, 5347440)...
Wrote pin io_out[26] at layer Metal3 at (-9600, 4918480, 4800, 4920720)...
Wrote pin io_out[27] at layer Metal3 at (-9600, 4491760, 4800, 4494000)...
Wrote pin io_out[28] at layer Metal3 at (-9600, 4065040, 4800, 4067280)...
Wrote pin io_out[29] at layer Metal3 at (-9600, 3638320, 4800, 3640560)...
Wrote pin io_out[2] at layer Metal3 at (5995200, 999600, 6009600, 1001840)...
Wrote pin io_out[30] at layer Metal3 at (-9600, 3211600, 4800, 3213840)...
Wrote pin io_out[31] at layer Metal3 at (-9600, 2784880, 4800, 2787120)...
Wrote pin io_out[32] at layer Metal3 at (-9600, 2358160, 4800, 2360400)...
Wrote pin io_out[33] at layer Metal3 at (-9600, 1931440, 4800, 1933680)...
Wrote pin io_out[34] at layer Metal3 at (-9600, 1504720, 4800, 1506960)...
Wrote pin io_out[35] at layer Metal3 at (-9600, 1078000, 4800, 1080240)...
Wrote pin io_out[36] at layer Metal3 at (-9600, 651280, 4800, 653520)...
Wrote pin io_out[37] at layer Metal3 at (-9600, 224560, 4800, 226800)...
Wrote pin io_out[3] at layer Metal3 at (5995200, 1399440, 6009600, 1401680)...
Wrote pin io_out[4] at layer Metal3 at (5995200, 1799280, 6009600, 1801520)...
Wrote pin io_out[5] at layer Metal3 at (5995200, 2199120, 6009600, 2201360)...
Wrote pin io_out[6] at layer Metal3 at (5995200, 2598960, 6009600, 2601200)...
Wrote pin io_out[7] at layer Metal3 at (5995200, 2998800, 6009600, 3001040)...
Wrote pin io_out[8] at layer Metal3 at (5995200, 3398640, 6009600, 3400880)...
Wrote pin io_out[9] at layer Metal3 at (5995200, 3798480, 6009600, 3800720)...
Wrote pin la_data_in[0] at layer Metal2 at (2150960, -9600, 2153200, 4800)...
Wrote pin la_data_in[10] at layer Metal2 at (2722160, -9600, 2724400, 4800)...
Wrote pin la_data_in[11] at layer Metal2 at (2779280, -9600, 2781520, 4800)...
Wrote pin la_data_in[12] at layer Metal2 at (2836400, -9600, 2838640, 4800)...
Wrote pin la_data_in[13] at layer Metal2 at (2893520, -9600, 2895760, 4800)...
Wrote pin la_data_in[14] at layer Metal2 at (2950640, -9600, 2952880, 4800)...
Wrote pin la_data_in[15] at layer Metal2 at (3007760, -9600, 3010000, 4800)...
Wrote pin la_data_in[16] at layer Metal2 at (3064880, -9600, 3067120, 4800)...
Wrote pin la_data_in[17] at layer Metal2 at (3122000, -9600, 3124240, 4800)...
Wrote pin la_data_in[18] at layer Metal2 at (3179120, -9600, 3181360, 4800)...
Wrote pin la_data_in[19] at layer Metal2 at (3236240, -9600, 3238480, 4800)...
Wrote pin la_data_in[1] at layer Metal2 at (2208080, -9600, 2210320, 4800)...
Wrote pin la_data_in[20] at layer Metal2 at (3293360, -9600, 3295600, 4800)...
Wrote pin la_data_in[21] at layer Metal2 at (3350480, -9600, 3352720, 4800)...
Wrote pin la_data_in[22] at layer Metal2 at (3407600, -9600, 3409840, 4800)...
Wrote pin la_data_in[23] at layer Metal2 at (3464720, -9600, 3466960, 4800)...
Wrote pin la_data_in[24] at layer Metal2 at (3521840, -9600, 3524080, 4800)...
Wrote pin la_data_in[25] at layer Metal2 at (3578960, -9600, 3581200, 4800)...
Wrote pin la_data_in[26] at layer Metal2 at (3636080, -9600, 3638320, 4800)...
Wrote pin la_data_in[27] at layer Metal2 at (3693200, -9600, 3695440, 4800)...
Wrote pin la_data_in[28] at layer Metal2 at (3750320, -9600, 3752560, 4800)...
Wrote pin la_data_in[29] at layer Metal2 at (3807440, -9600, 3809680, 4800)...
Wrote pin la_data_in[2] at layer Metal2 at (2265200, -9600, 2267440, 4800)...
Wrote pin la_data_in[30] at layer Metal2 at (3864560, -9600, 3866800, 4800)...
Wrote pin la_data_in[31] at layer Metal2 at (3921680, -9600, 3923920, 4800)...
Wrote pin la_data_in[32] at layer Metal2 at (3978800, -9600, 3981040, 4800)...
Wrote pin la_data_in[33] at layer Metal2 at (4035920, -9600, 4038160, 4800)...
Wrote pin la_data_in[34] at layer Metal2 at (4093040, -9600, 4095280, 4800)...
Wrote pin la_data_in[35] at layer Metal2 at (4150160, -9600, 4152400, 4800)...
Wrote pin la_data_in[36] at layer Metal2 at (4207280, -9600, 4209520, 4800)...
Wrote pin la_data_in[37] at layer Metal2 at (4264400, -9600, 4266640, 4800)...
Wrote pin la_data_in[38] at layer Metal2 at (4321520, -9600, 4323760, 4800)...
Wrote pin la_data_in[39] at layer Metal2 at (4378640, -9600, 4380880, 4800)...
Wrote pin la_data_in[3] at layer Metal2 at (2322320, -9600, 2324560, 4800)...
Wrote pin la_data_in[40] at layer Metal2 at (4435760, -9600, 4438000, 4800)...
Wrote pin la_data_in[41] at layer Metal2 at (4492880, -9600, 4495120, 4800)...
Wrote pin la_data_in[42] at layer Metal2 at (4550000, -9600, 4552240, 4800)...
Wrote pin la_data_in[43] at layer Metal2 at (4607120, -9600, 4609360, 4800)...
Wrote pin la_data_in[44] at layer Metal2 at (4664240, -9600, 4666480, 4800)...
Wrote pin la_data_in[45] at layer Metal2 at (4721360, -9600, 4723600, 4800)...
Wrote pin la_data_in[46] at layer Metal2 at (4778480, -9600, 4780720, 4800)...
Wrote pin la_data_in[47] at layer Metal2 at (4835600, -9600, 4837840, 4800)...
Wrote pin la_data_in[48] at layer Metal2 at (4892720, -9600, 4894960, 4800)...
Wrote pin la_data_in[49] at layer Metal2 at (4949840, -9600, 4952080, 4800)...
Wrote pin la_data_in[4] at layer Metal2 at (2379440, -9600, 2381680, 4800)...
Wrote pin la_data_in[50] at layer Metal2 at (5006960, -9600, 5009200, 4800)...
Wrote pin la_data_in[51] at layer Metal2 at (5064080, -9600, 5066320, 4800)...
Wrote pin la_data_in[52] at layer Metal2 at (5121200, -9600, 5123440, 4800)...
Wrote pin la_data_in[53] at layer Metal2 at (5178320, -9600, 5180560, 4800)...
Wrote pin la_data_in[54] at layer Metal2 at (5235440, -9600, 5237680, 4800)...
Wrote pin la_data_in[55] at layer Metal2 at (5292560, -9600, 5294800, 4800)...
Wrote pin la_data_in[56] at layer Metal2 at (5349680, -9600, 5351920, 4800)...
Wrote pin la_data_in[57] at layer Metal2 at (5406800, -9600, 5409040, 4800)...
Wrote pin la_data_in[58] at layer Metal2 at (5463920, -9600, 5466160, 4800)...
Wrote pin la_data_in[59] at layer Metal2 at (5521040, -9600, 5523280, 4800)...
Wrote pin la_data_in[5] at layer Metal2 at (2436560, -9600, 2438800, 4800)...
Wrote pin la_data_in[60] at layer Metal2 at (5578160, -9600, 5580400, 4800)...
Wrote pin la_data_in[61] at layer Metal2 at (5635280, -9600, 5637520, 4800)...
Wrote pin la_data_in[62] at layer Metal2 at (5692400, -9600, 5694640, 4800)...
Wrote pin la_data_in[63] at layer Metal2 at (5749520, -9600, 5751760, 4800)...
Wrote pin la_data_in[6] at layer Metal2 at (2493680, -9600, 2495920, 4800)...
Wrote pin la_data_in[7] at layer Metal2 at (2550800, -9600, 2553040, 4800)...
Wrote pin la_data_in[8] at layer Metal2 at (2607920, -9600, 2610160, 4800)...
Wrote pin la_data_in[9] at layer Metal2 at (2665040, -9600, 2667280, 4800)...
Wrote pin la_data_out[0] at layer Metal2 at (2170000, -9600, 2172240, 4800)...
Wrote pin la_data_out[10] at layer Metal2 at (2741200, -9600, 2743440, 4800)...
Wrote pin la_data_out[11] at layer Metal2 at (2798320, -9600, 2800560, 4800)...
Wrote pin la_data_out[12] at layer Metal2 at (2855440, -9600, 2857680, 4800)...
Wrote pin la_data_out[13] at layer Metal2 at (2912560, -9600, 2914800, 4800)...
Wrote pin la_data_out[14] at layer Metal2 at (2969680, -9600, 2971920, 4800)...
Wrote pin la_data_out[15] at layer Metal2 at (3026800, -9600, 3029040, 4800)...
Wrote pin la_data_out[16] at layer Metal2 at (3083920, -9600, 3086160, 4800)...
Wrote pin la_data_out[17] at layer Metal2 at (3141040, -9600, 3143280, 4800)...
Wrote pin la_data_out[18] at layer Metal2 at (3198160, -9600, 3200400, 4800)...
Wrote pin la_data_out[19] at layer Metal2 at (3255280, -9600, 3257520, 4800)...
Wrote pin la_data_out[1] at layer Metal2 at (2227120, -9600, 2229360, 4800)...
Wrote pin la_data_out[20] at layer Metal2 at (3312400, -9600, 3314640, 4800)...
Wrote pin la_data_out[21] at layer Metal2 at (3369520, -9600, 3371760, 4800)...
Wrote pin la_data_out[22] at layer Metal2 at (3426640, -9600, 3428880, 4800)...
Wrote pin la_data_out[23] at layer Metal2 at (3483760, -9600, 3486000, 4800)...
Wrote pin la_data_out[24] at layer Metal2 at (3540880, -9600, 3543120, 4800)...
Wrote pin la_data_out[25] at layer Metal2 at (3598000, -9600, 3600240, 4800)...
Wrote pin la_data_out[26] at layer Metal2 at (3655120, -9600, 3657360, 4800)...
Wrote pin la_data_out[27] at layer Metal2 at (3712240, -9600, 3714480, 4800)...
Wrote pin la_data_out[28] at layer Metal2 at (3769360, -9600, 3771600, 4800)...
Wrote pin la_data_out[29] at layer Metal2 at (3826480, -9600, 3828720, 4800)...
Wrote pin la_data_out[2] at layer Metal2 at (2284240, -9600, 2286480, 4800)...
Wrote pin la_data_out[30] at layer Metal2 at (3883600, -9600, 3885840, 4800)...
Wrote pin la_data_out[31] at layer Metal2 at (3940720, -9600, 3942960, 4800)...
Wrote pin la_data_out[32] at layer Metal2 at (3997840, -9600, 4000080, 4800)...
Wrote pin la_data_out[33] at layer Metal2 at (4054960, -9600, 4057200, 4800)...
Wrote pin la_data_out[34] at layer Metal2 at (4112080, -9600, 4114320, 4800)...
Wrote pin la_data_out[35] at layer Metal2 at (4169200, -9600, 4171440, 4800)...
Wrote pin la_data_out[36] at layer Metal2 at (4226320, -9600, 4228560, 4800)...
Wrote pin la_data_out[37] at layer Metal2 at (4283440, -9600, 4285680, 4800)...
Wrote pin la_data_out[38] at layer Metal2 at (4340560, -9600, 4342800, 4800)...
Wrote pin la_data_out[39] at layer Metal2 at (4397680, -9600, 4399920, 4800)...
Wrote pin la_data_out[3] at layer Metal2 at (2341360, -9600, 2343600, 4800)...
Wrote pin la_data_out[40] at layer Metal2 at (4454800, -9600, 4457040, 4800)...
Wrote pin la_data_out[41] at layer Metal2 at (4511920, -9600, 4514160, 4800)...
Wrote pin la_data_out[42] at layer Metal2 at (4569040, -9600, 4571280, 4800)...
Wrote pin la_data_out[43] at layer Metal2 at (4626160, -9600, 4628400, 4800)...
Wrote pin la_data_out[44] at layer Metal2 at (4683280, -9600, 4685520, 4800)...
Wrote pin la_data_out[45] at layer Metal2 at (4740400, -9600, 4742640, 4800)...
Wrote pin la_data_out[46] at layer Metal2 at (4797520, -9600, 4799760, 4800)...
Wrote pin la_data_out[47] at layer Metal2 at (4854640, -9600, 4856880, 4800)...
Wrote pin la_data_out[48] at layer Metal2 at (4911760, -9600, 4914000, 4800)...
Wrote pin la_data_out[49] at layer Metal2 at (4968880, -9600, 4971120, 4800)...
Wrote pin la_data_out[4] at layer Metal2 at (2398480, -9600, 2400720, 4800)...
Wrote pin la_data_out[50] at layer Metal2 at (5026000, -9600, 5028240, 4800)...
Wrote pin la_data_out[51] at layer Metal2 at (5083120, -9600, 5085360, 4800)...
Wrote pin la_data_out[52] at layer Metal2 at (5140240, -9600, 5142480, 4800)...
Wrote pin la_data_out[53] at layer Metal2 at (5197360, -9600, 5199600, 4800)...
Wrote pin la_data_out[54] at layer Metal2 at (5254480, -9600, 5256720, 4800)...
Wrote pin la_data_out[55] at layer Metal2 at (5311600, -9600, 5313840, 4800)...
Wrote pin la_data_out[56] at layer Metal2 at (5368720, -9600, 5370960, 4800)...
Wrote pin la_data_out[57] at layer Metal2 at (5425840, -9600, 5428080, 4800)...
Wrote pin la_data_out[58] at layer Metal2 at (5482960, -9600, 5485200, 4800)...
Wrote pin la_data_out[59] at layer Metal2 at (5540080, -9600, 5542320, 4800)...
Wrote pin la_data_out[5] at layer Metal2 at (2455600, -9600, 2457840, 4800)...
Wrote pin la_data_out[60] at layer Metal2 at (5597200, -9600, 5599440, 4800)...
Wrote pin la_data_out[61] at layer Metal2 at (5654320, -9600, 5656560, 4800)...
Wrote pin la_data_out[62] at layer Metal2 at (5711440, -9600, 5713680, 4800)...
Wrote pin la_data_out[63] at layer Metal2 at (5768560, -9600, 5770800, 4800)...
Wrote pin la_data_out[6] at layer Metal2 at (2512720, -9600, 2514960, 4800)...
Wrote pin la_data_out[7] at layer Metal2 at (2569840, -9600, 2572080, 4800)...
Wrote pin la_data_out[8] at layer Metal2 at (2626960, -9600, 2629200, 4800)...
Wrote pin la_data_out[9] at layer Metal2 at (2684080, -9600, 2686320, 4800)...
Wrote pin la_oenb[0] at layer Metal2 at (2189040, -9600, 2191280, 4800)...
Wrote pin la_oenb[10] at layer Metal2 at (2760240, -9600, 2762480, 4800)...
Wrote pin la_oenb[11] at layer Metal2 at (2817360, -9600, 2819600, 4800)...
Wrote pin la_oenb[12] at layer Metal2 at (2874480, -9600, 2876720, 4800)...
Wrote pin la_oenb[13] at layer Metal2 at (2931600, -9600, 2933840, 4800)...
Wrote pin la_oenb[14] at layer Metal2 at (2988720, -9600, 2990960, 4800)...
Wrote pin la_oenb[15] at layer Metal2 at (3045840, -9600, 3048080, 4800)...
Wrote pin la_oenb[16] at layer Metal2 at (3102960, -9600, 3105200, 4800)...
Wrote pin la_oenb[17] at layer Metal2 at (3160080, -9600, 3162320, 4800)...
Wrote pin la_oenb[18] at layer Metal2 at (3217200, -9600, 3219440, 4800)...
Wrote pin la_oenb[19] at layer Metal2 at (3274320, -9600, 3276560, 4800)...
Wrote pin la_oenb[1] at layer Metal2 at (2246160, -9600, 2248400, 4800)...
Wrote pin la_oenb[20] at layer Metal2 at (3331440, -9600, 3333680, 4800)...
Wrote pin la_oenb[21] at layer Metal2 at (3388560, -9600, 3390800, 4800)...
Wrote pin la_oenb[22] at layer Metal2 at (3445680, -9600, 3447920, 4800)...
Wrote pin la_oenb[23] at layer Metal2 at (3502800, -9600, 3505040, 4800)...
Wrote pin la_oenb[24] at layer Metal2 at (3559920, -9600, 3562160, 4800)...
Wrote pin la_oenb[25] at layer Metal2 at (3617040, -9600, 3619280, 4800)...
Wrote pin la_oenb[26] at layer Metal2 at (3674160, -9600, 3676400, 4800)...
Wrote pin la_oenb[27] at layer Metal2 at (3731280, -9600, 3733520, 4800)...
Wrote pin la_oenb[28] at layer Metal2 at (3788400, -9600, 3790640, 4800)...
Wrote pin la_oenb[29] at layer Metal2 at (3845520, -9600, 3847760, 4800)...
Wrote pin la_oenb[2] at layer Metal2 at (2303280, -9600, 2305520, 4800)...
Wrote pin la_oenb[30] at layer Metal2 at (3902640, -9600, 3904880, 4800)...
Wrote pin la_oenb[31] at layer Metal2 at (3959760, -9600, 3962000, 4800)...
Wrote pin la_oenb[32] at layer Metal2 at (4016880, -9600, 4019120, 4800)...
Wrote pin la_oenb[33] at layer Metal2 at (4074000, -9600, 4076240, 4800)...
Wrote pin la_oenb[34] at layer Metal2 at (4131120, -9600, 4133360, 4800)...
Wrote pin la_oenb[35] at layer Metal2 at (4188240, -9600, 4190480, 4800)...
Wrote pin la_oenb[36] at layer Metal2 at (4245360, -9600, 4247600, 4800)...
Wrote pin la_oenb[37] at layer Metal2 at (4302480, -9600, 4304720, 4800)...
Wrote pin la_oenb[38] at layer Metal2 at (4359600, -9600, 4361840, 4800)...
Wrote pin la_oenb[39] at layer Metal2 at (4416720, -9600, 4418960, 4800)...
Wrote pin la_oenb[3] at layer Metal2 at (2360400, -9600, 2362640, 4800)...
Wrote pin la_oenb[40] at layer Metal2 at (4473840, -9600, 4476080, 4800)...
Wrote pin la_oenb[41] at layer Metal2 at (4530960, -9600, 4533200, 4800)...
Wrote pin la_oenb[42] at layer Metal2 at (4588080, -9600, 4590320, 4800)...
Wrote pin la_oenb[43] at layer Metal2 at (4645200, -9600, 4647440, 4800)...
Wrote pin la_oenb[44] at layer Metal2 at (4702320, -9600, 4704560, 4800)...
Wrote pin la_oenb[45] at layer Metal2 at (4759440, -9600, 4761680, 4800)...
Wrote pin la_oenb[46] at layer Metal2 at (4816560, -9600, 4818800, 4800)...
Wrote pin la_oenb[47] at layer Metal2 at (4873680, -9600, 4875920, 4800)...
Wrote pin la_oenb[48] at layer Metal2 at (4930800, -9600, 4933040, 4800)...
Wrote pin la_oenb[49] at layer Metal2 at (4987920, -9600, 4990160, 4800)...
Wrote pin la_oenb[4] at layer Metal2 at (2417520, -9600, 2419760, 4800)...
Wrote pin la_oenb[50] at layer Metal2 at (5045040, -9600, 5047280, 4800)...
Wrote pin la_oenb[51] at layer Metal2 at (5102160, -9600, 5104400, 4800)...
Wrote pin la_oenb[52] at layer Metal2 at (5159280, -9600, 5161520, 4800)...
Wrote pin la_oenb[53] at layer Metal2 at (5216400, -9600, 5218640, 4800)...
Wrote pin la_oenb[54] at layer Metal2 at (5273520, -9600, 5275760, 4800)...
Wrote pin la_oenb[55] at layer Metal2 at (5330640, -9600, 5332880, 4800)...
Wrote pin la_oenb[56] at layer Metal2 at (5387760, -9600, 5390000, 4800)...
Wrote pin la_oenb[57] at layer Metal2 at (5444880, -9600, 5447120, 4800)...
Wrote pin la_oenb[58] at layer Metal2 at (5502000, -9600, 5504240, 4800)...
Wrote pin la_oenb[59] at layer Metal2 at (5559120, -9600, 5561360, 4800)...
Wrote pin la_oenb[5] at layer Metal2 at (2474640, -9600, 2476880, 4800)...
Wrote pin la_oenb[60] at layer Metal2 at (5616240, -9600, 5618480, 4800)...
Wrote pin la_oenb[61] at layer Metal2 at (5673360, -9600, 5675600, 4800)...
Wrote pin la_oenb[62] at layer Metal2 at (5730480, -9600, 5732720, 4800)...
Wrote pin la_oenb[63] at layer Metal2 at (5787600, -9600, 5789840, 4800)...
Wrote pin la_oenb[6] at layer Metal2 at (2531760, -9600, 2534000, 4800)...
Wrote pin la_oenb[7] at layer Metal2 at (2588880, -9600, 2591120, 4800)...
Wrote pin la_oenb[8] at layer Metal2 at (2646000, -9600, 2648240, 4800)...
Wrote pin la_oenb[9] at layer Metal2 at (2703120, -9600, 2705360, 4800)...
Wrote pin user_clock2 at layer Metal2 at (5806640, -9600, 5808880, 4800)...
Wrote pin user_irq[0] at layer Metal2 at (5825680, -9600, 5827920, 4800)...
Wrote pin user_irq[1] at layer Metal2 at (5844720, -9600, 5846960, 4800)...
Wrote pin user_irq[2] at layer Metal2 at (5863760, -9600, 5866000, 4800)...
Wrote pin wb_clk_i at layer Metal2 at (132720, -9600, 134960, 4800)...
Wrote pin wb_rst_i at layer Metal2 at (151760, -9600, 154000, 4800)...
Wrote pin wbs_ack_o at layer Metal2 at (170800, -9600, 173040, 4800)...
Wrote pin wbs_adr_i[0] at layer Metal2 at (246960, -9600, 249200, 4800)...
Wrote pin wbs_adr_i[10] at layer Metal2 at (894320, -9600, 896560, 4800)...
Wrote pin wbs_adr_i[11] at layer Metal2 at (951440, -9600, 953680, 4800)...
Wrote pin wbs_adr_i[12] at layer Metal2 at (1008560, -9600, 1010800, 4800)...
Wrote pin wbs_adr_i[13] at layer Metal2 at (1065680, -9600, 1067920, 4800)...
Wrote pin wbs_adr_i[14] at layer Metal2 at (1122800, -9600, 1125040, 4800)...
Wrote pin wbs_adr_i[15] at layer Metal2 at (1179920, -9600, 1182160, 4800)...
Wrote pin wbs_adr_i[16] at layer Metal2 at (1237040, -9600, 1239280, 4800)...
Wrote pin wbs_adr_i[17] at layer Metal2 at (1294160, -9600, 1296400, 4800)...
Wrote pin wbs_adr_i[18] at layer Metal2 at (1351280, -9600, 1353520, 4800)...
Wrote pin wbs_adr_i[19] at layer Metal2 at (1408400, -9600, 1410640, 4800)...
Wrote pin wbs_adr_i[1] at layer Metal2 at (323120, -9600, 325360, 4800)...
Wrote pin wbs_adr_i[20] at layer Metal2 at (1465520, -9600, 1467760, 4800)...
Wrote pin wbs_adr_i[21] at layer Metal2 at (1522640, -9600, 1524880, 4800)...
Wrote pin wbs_adr_i[22] at layer Metal2 at (1579760, -9600, 1582000, 4800)...
Wrote pin wbs_adr_i[23] at layer Metal2 at (1636880, -9600, 1639120, 4800)...
Wrote pin wbs_adr_i[24] at layer Metal2 at (1694000, -9600, 1696240, 4800)...
Wrote pin wbs_adr_i[25] at layer Metal2 at (1751120, -9600, 1753360, 4800)...
Wrote pin wbs_adr_i[26] at layer Metal2 at (1808240, -9600, 1810480, 4800)...
Wrote pin wbs_adr_i[27] at layer Metal2 at (1865360, -9600, 1867600, 4800)...
Wrote pin wbs_adr_i[28] at layer Metal2 at (1922480, -9600, 1924720, 4800)...
Wrote pin wbs_adr_i[29] at layer Metal2 at (1979600, -9600, 1981840, 4800)...
Wrote pin wbs_adr_i[2] at layer Metal2 at (399280, -9600, 401520, 4800)...
Wrote pin wbs_adr_i[30] at layer Metal2 at (2036720, -9600, 2038960, 4800)...
Wrote pin wbs_adr_i[31] at layer Metal2 at (2093840, -9600, 2096080, 4800)...
Wrote pin wbs_adr_i[3] at layer Metal2 at (475440, -9600, 477680, 4800)...
Wrote pin wbs_adr_i[4] at layer Metal2 at (551600, -9600, 553840, 4800)...[INFO ODB-0222] Reading LEF file: /home/htf6ry/gf180-demo/openlane/user_project_wrapper/runs/22_12_03_16_43/tmp/merged.nom.lef
[INFO ODB-0223]     Created 13 technology layers
[INFO ODB-0224]     Created 60 technology vias
[INFO ODB-0225]     Created 230 library cells
[INFO ODB-0226] Finished LEF file:  /home/htf6ry/gf180-demo/openlane/user_project_wrapper/runs/22_12_03_16_43/tmp/merged.nom.lef
[INFO ODB-0127] Reading DEF file: /home/htf6ry/gf180-demo/openlane/user_project_wrapper/fixed_dont_change/user_project_wrapper_gf180mcu.def
[INFO ODB-0128] Design: user_project_wrapper
[INFO ODB-0130]     Created 418 pins.
[INFO ODB-0132]     Created 2 special nets and 0 connections.
[INFO ODB-0134] Finished DEF file: /home/htf6ry/gf180-demo/openlane/user_project_wrapper/fixed_dont_change/user_project_wrapper_gf180mcu.def

Wrote pin wbs_adr_i[5] at layer Metal2 at (608720, -9600, 610960, 4800)...
Wrote pin wbs_adr_i[6] at layer Metal2 at (665840, -9600, 668080, 4800)...
Wrote pin wbs_adr_i[7] at layer Metal2 at (722960, -9600, 725200, 4800)...
Wrote pin wbs_adr_i[8] at layer Metal2 at (780080, -9600, 782320, 4800)...
Wrote pin wbs_adr_i[9] at layer Metal2 at (837200, -9600, 839440, 4800)...
Wrote pin wbs_cyc_i at layer Metal2 at (189840, -9600, 192080, 4800)...
Wrote pin wbs_dat_i[0] at layer Metal2 at (266000, -9600, 268240, 4800)...
Wrote pin wbs_dat_i[10] at layer Metal2 at (913360, -9600, 915600, 4800)...
Wrote pin wbs_dat_i[11] at layer Metal2 at (970480, -9600, 972720, 4800)...
Wrote pin wbs_dat_i[12] at layer Metal2 at (1027600, -9600, 1029840, 4800)...
Wrote pin wbs_dat_i[13] at layer Metal2 at (1084720, -9600, 1086960, 4800)...
Wrote pin wbs_dat_i[14] at layer Metal2 at (1141840, -9600, 1144080, 4800)...
Wrote pin wbs_dat_i[15] at layer Metal2 at (1198960, -9600, 1201200, 4800)...
Wrote pin wbs_dat_i[16] at layer Metal2 at (1256080, -9600, 1258320, 4800)...
Wrote pin wbs_dat_i[17] at layer Metal2 at (1313200, -9600, 1315440, 4800)...
Wrote pin wbs_dat_i[18] at layer Metal2 at (1370320, -9600, 1372560, 4800)...
Wrote pin wbs_dat_i[19] at layer Metal2 at (1427440, -9600, 1429680, 4800)...
Wrote pin wbs_dat_i[1] at layer Metal2 at (342160, -9600, 344400, 4800)...
Wrote pin wbs_dat_i[20] at layer Metal2 at (1484560, -9600, 1486800, 4800)...
Wrote pin wbs_dat_i[21] at layer Metal2 at (1541680, -9600, 1543920, 4800)...
Wrote pin wbs_dat_i[22] at layer Metal2 at (1598800, -9600, 1601040, 4800)...
Wrote pin wbs_dat_i[23] at layer Metal2 at (1655920, -9600, 1658160, 4800)...
Wrote pin wbs_dat_i[24] at layer Metal2 at (1713040, -9600, 1715280, 4800)...
Wrote pin wbs_dat_i[25] at layer Metal2 at (1770160, -9600, 1772400, 4800)...
Wrote pin wbs_dat_i[26] at layer Metal2 at (1827280, -9600, 1829520, 4800)...
Wrote pin wbs_dat_i[27] at layer Metal2 at (1884400, -9600, 1886640, 4800)...
Wrote pin wbs_dat_i[28] at layer Metal2 at (1941520, -9600, 1943760, 4800)...
Wrote pin wbs_dat_i[29] at layer Metal2 at (1998640, -9600, 2000880, 4800)...
Wrote pin wbs_dat_i[2] at layer Metal2 at (418320, -9600, 420560, 4800)...
Wrote pin wbs_dat_i[30] at layer Metal2 at (2055760, -9600, 2058000, 4800)...
Wrote pin wbs_dat_i[31] at layer Metal2 at (2112880, -9600, 2115120, 4800)...
Wrote pin wbs_dat_i[3] at layer Metal2 at (494480, -9600, 496720, 4800)...
Wrote pin wbs_dat_i[4] at layer Metal2 at (570640, -9600, 572880, 4800)...
Wrote pin wbs_dat_i[5] at layer Metal2 at (627760, -9600, 630000, 4800)...
Wrote pin wbs_dat_i[6] at layer Metal2 at (684880, -9600, 687120, 4800)...
Wrote pin wbs_dat_i[7] at layer Metal2 at (742000, -9600, 744240, 4800)...
Wrote pin wbs_dat_i[8] at layer Metal2 at (799120, -9600, 801360, 4800)...
Wrote pin wbs_dat_i[9] at layer Metal2 at (856240, -9600, 858480, 4800)...
Wrote pin wbs_dat_o[0] at layer Metal2 at (285040, -9600, 287280, 4800)...
Wrote pin wbs_dat_o[10] at layer Metal2 at (932400, -9600, 934640, 4800)...
Wrote pin wbs_dat_o[11] at layer Metal2 at (989520, -9600, 991760, 4800)...
Wrote pin wbs_dat_o[12] at layer Metal2 at (1046640, -9600, 1048880, 4800)...
Wrote pin wbs_dat_o[13] at layer Metal2 at (1103760, -9600, 1106000, 4800)...
Wrote pin wbs_dat_o[14] at layer Metal2 at (1160880, -9600, 1163120, 4800)...
Wrote pin wbs_dat_o[15] at layer Metal2 at (1218000, -9600, 1220240, 4800)...
Wrote pin wbs_dat_o[16] at layer Metal2 at (1275120, -9600, 1277360, 4800)...
Wrote pin wbs_dat_o[17] at layer Metal2 at (1332240, -9600, 1334480, 4800)...
Wrote pin wbs_dat_o[18] at layer Metal2 at (1389360, -9600, 1391600, 4800)...
Wrote pin wbs_dat_o[19] at layer Metal2 at (1446480, -9600, 1448720, 4800)...
Wrote pin wbs_dat_o[1] at layer Metal2 at (361200, -9600, 363440, 4800)...
Wrote pin wbs_dat_o[20] at layer Metal2 at (1503600, -9600, 1505840, 4800)...
Wrote pin wbs_dat_o[21] at layer Metal2 at (1560720, -9600, 1562960, 4800)...
Wrote pin wbs_dat_o[22] at layer Metal2 at (1617840, -9600, 1620080, 4800)...
Wrote pin wbs_dat_o[23] at layer Metal2 at (1674960, -9600, 1677200, 4800)...
Wrote pin wbs_dat_o[24] at layer Metal2 at (1732080, -9600, 1734320, 4800)...
Wrote pin wbs_dat_o[25] at layer Metal2 at (1789200, -9600, 1791440, 4800)...
Wrote pin wbs_dat_o[26] at layer Metal2 at (1846320, -9600, 1848560, 4800)...
Wrote pin wbs_dat_o[27] at layer Metal2 at (1903440, -9600, 1905680, 4800)...
Wrote pin wbs_dat_o[28] at layer Metal2 at (1960560, -9600, 1962800, 4800)...
Wrote pin wbs_dat_o[29] at layer Metal2 at (2017680, -9600, 2019920, 4800)...
Wrote pin wbs_dat_o[2] at layer Metal2 at (437360, -9600, 439600, 4800)...
Wrote pin wbs_dat_o[30] at layer Metal2 at (2074800, -9600, 2077040, 4800)...
Wrote pin wbs_dat_o[31] at layer Metal2 at (2131920, -9600, 2134160, 4800)...
Wrote pin wbs_dat_o[3] at layer Metal2 at (513520, -9600, 515760, 4800)...
Wrote pin wbs_dat_o[4] at layer Metal2 at (589680, -9600, 591920, 4800)...
Wrote pin wbs_dat_o[5] at layer Metal2 at (646800, -9600, 649040, 4800)...
Wrote pin wbs_dat_o[6] at layer Metal2 at (703920, -9600, 706160, 4800)...
Wrote pin wbs_dat_o[7] at layer Metal2 at (761040, -9600, 763280, 4800)...
Wrote pin wbs_dat_o[8] at layer Metal2 at (818160, -9600, 820400, 4800)...
Wrote pin wbs_dat_o[9] at layer Metal2 at (875280, -9600, 877520, 4800)...
Wrote pin wbs_sel_i[0] at layer Metal2 at (304080, -9600, 306320, 4800)...
Wrote pin wbs_sel_i[1] at layer Metal2 at (380240, -9600, 382480, 4800)...
Wrote pin wbs_sel_i[2] at layer Metal2 at (456400, -9600, 458640, 4800)...
Wrote pin wbs_sel_i[3] at layer Metal2 at (532560, -9600, 534800, 4800)...
Wrote pin wbs_stb_i at layer Metal2 at (208880, -9600, 211120, 4800)...
Wrote pin wbs_we_i at layer Metal2 at (227920, -9600, 230160, 4800)...
