
20. Printing statistics.

=== cntr_example ===

   Number of wires:                 59
   Number of wire bits:             96
   Number of public wires:           3
   Number of public wire bits:      40
   Number of memories:               0
   Number of memory bits:            0
   Number of processes:              0
   Number of cells:                 94
     gf180mcu_fd_sc_mcu7t5v0__aoi21_1     10
     gf180mcu_fd_sc_mcu7t5v0__buf_1      5
     gf180mcu_fd_sc_mcu7t5v0__clkbuf_1      5
     gf180mcu_fd_sc_mcu7t5v0__clkinv_1      1
     gf180mcu_fd_sc_mcu7t5v0__dffq_1     20
     gf180mcu_fd_sc_mcu7t5v0__nand2_1      5
     gf180mcu_fd_sc_mcu7t5v0__nand3_1      5
     gf180mcu_fd_sc_mcu7t5v0__nor2_1     15
     gf180mcu_fd_sc_mcu7t5v0__oai21_1      5
     gf180mcu_fd_sc_mcu7t5v0__tiel     18
     gf180mcu_fd_sc_mcu7t5v0__xor2_1      5

   Chip area for module '\cntr_example': 2296.179200

